#
# There is insufficient memory for the Java Runtime Environment to continue.
# Native memory allocation (malloc) failed to allocate 1278816 bytes for Chunk::new
# Possible reasons:
#   The system is out of physical RAM or swap space
#   In 32 bit mode, the process size limit was hit
# Possible solutions:
#   Reduce memory load on the system
#   Increase physical memory or swap space
#   Check if swap backing store is full
#   Use 64 bit Java on a 64 bit OS
#   Decrease Java heap size (-Xmx/-Xms)
#   Decrease number of Java threads
#   Decrease Java thread stack sizes (-Xss)
#   Set larger code cache with -XX:ReservedCodeCacheSize=
# This output file may be truncated or incomplete.
#
#  Out of Memory Error (allocation.cpp:390), pid=5860, tid=0x000000000000120c
#
# JRE version: Java(TM) SE Runtime Environment (8.0_101-b13) (build 1.8.0_101-b13)
# Java VM: Java HotSpot(TM) 64-Bit Server VM (25.101-b13 mixed mode windows-amd64 compressed oops)
# Failed to write core dump. Minidumps are not enabled by default on client versions of Windows
#

---------------  T H R E A D  ---------------

Current thread (0x0000000014da6000):  JavaThread "C2 CompilerThread1" daemon [_thread_in_native, id=4620, stack(0x0000000016500000,0x0000000016600000)]

Stack: [0x0000000016500000,0x0000000016600000]
[error occurred during error reporting (printing stack bounds), id 0xc0000005]

Native frames: (J=compiled Java code, j=interpreted, Vv=VM code, C=native code)


Current CompileTask:
C2:  11586 1767   !   4       java.net.URLClassLoader$1::run (63 bytes)


---------------  P R O C E S S  ---------------

Java Threads: ( => current thread )
  0x0000000017e89800 JavaThread "Stdin handler" [_thread_blocked, id=4628, stack(0x0000000019360000,0x0000000019460000)]
  0x0000000017e85800 JavaThread "Daemon worker" [_thread_in_native, id=3360, stack(0x0000000019260000,0x0000000019360000)]
  0x0000000017db7000 JavaThread "Cancel handler" [_thread_blocked, id=3200, stack(0x0000000019160000,0x0000000019260000)]
  0x0000000017b47000 JavaThread "Handler for socket connection from /127.0.0.1:53285 to /127.0.0.1:53286" [_thread_in_native, id=1364, stack(0x0000000019060000,0x0000000019160000)]
  0x0000000017b46800 JavaThread "Daemon" [_thread_blocked, id=5100, stack(0x0000000018f60000,0x0000000019060000)]
  0x0000000017dc7800 JavaThread "Incoming local TCP Connector on port 53285" [_thread_in_native, id=5652, stack(0x0000000017500000,0x0000000017600000)]
  0x0000000014dfe800 JavaThread "Service Thread" daemon [_thread_blocked, id=1824, stack(0x0000000016b00000,0x0000000016c00000)]
  0x0000000014da9000 JavaThread "C1 CompilerThread2" daemon [_thread_blocked, id=5784, stack(0x0000000016600000,0x0000000016700000)]
=>0x0000000014da6000 JavaThread "C2 CompilerThread1" daemon [_thread_in_native, id=4620, stack(0x0000000016500000,0x0000000016600000)]
  0x0000000014d9f800 JavaThread "C2 CompilerThread0" daemon [_thread_in_native, id=4496, stack(0x0000000016400000,0x0000000016500000)]
  0x0000000014d9e000 JavaThread "Attach Listener" daemon [_thread_blocked, id=396, stack(0x0000000016300000,0x0000000016400000)]
  0x0000000014d9c800 JavaThread "Signal Dispatcher" daemon [_thread_blocked, id=3616, stack(0x0000000016200000,0x0000000016300000)]
  0x0000000014d8a800 JavaThread "Finalizer" daemon [_thread_blocked, id=3132, stack(0x0000000016000000,0x0000000016100000)]
  0x0000000002670000 JavaThread "Reference Handler" daemon [_thread_blocked, id=3688, stack(0x0000000015f00000,0x0000000016000000)]
  0x00000000026ce000 JavaThread "main" [_thread_blocked, id=1304, stack(0x0000000002460000,0x0000000002560000)]

Other Threads:
  0x0000000014d67800 VMThread [stack: 0x0000000015e00000,0x0000000015f00000] [id=1384]
  0x0000000016733000 WatcherThread [stack: 0x0000000016c00000,0x0000000016d00000] [id=496]

VM state:not at safepoint (normal execution)

VM Mutex/Monitor currently owned by a thread: None

Heap:
 PSYoungGen      total 66048K, used 21879K [0x00000000eab00000, 0x00000000eee00000, 0x0000000100000000)
  eden space 63488K, 30% used [0x00000000eab00000,0x00000000ebdddc68,0x00000000ee900000)
  from space 2560K, 100% used [0x00000000eeb80000,0x00000000eee00000,0x00000000eee00000)
  to   space 2560K, 0% used [0x00000000ee900000,0x00000000ee900000,0x00000000eeb80000)
 ParOldGen       total 42496K, used 9898K [0x00000000c0000000, 0x00000000c2980000, 0x00000000eab00000)
  object space 42496K, 23% used [0x00000000c0000000,0x00000000c09aab08,0x00000000c2980000)
 Metaspace       used 19967K, capacity 20288K, committed 20480K, reserved 1067008K
  class space    used 2647K, capacity 2752K, committed 2816K, reserved 1048576K

Card table byte_map: [0x0000000011a90000,0x0000000011ca0000] byte_map_base: 0x0000000011490000

Marking Bits: (ParMarkBitMap*) 0x000000006535a6d0
 Begin Bits: [0x0000000012200000, 0x0000000013200000)
 End Bits:   [0x0000000013200000, 0x0000000014200000)

Polling page: 0x0000000000eb0000

CodeCache: size=245760Kb used=7063Kb max_used=7063Kb free=238696Kb
 bounds [0x00000000026d0000, 0x0000000002dc0000, 0x00000000116d0000]
 total_blobs=2388 nmethods=1771 adapters=529
 compilation: enabled

Compilation events (10 events):
Event: 11.458 Thread 0x0000000014da9000 1776       3       sun.reflect.generics.parser.SignatureParser::parseClassTypeSignature (118 bytes)
Event: 11.460 Thread 0x0000000014da9000 nmethod 1776 0x0000000002db2bd0 code [0x0000000002db2f40, 0x0000000002db4718]
Event: 11.462 Thread 0x0000000014da9000 1777       1       com.google.common.collect.ImmutableEntry::getKey (5 bytes)
Event: 11.462 Thread 0x0000000014da9000 nmethod 1777 0x0000000002d9f3d0 code [0x0000000002d9f520, 0x0000000002d9f630]
Event: 11.462 Thread 0x0000000014da9000 1778       3       com.google.common.collect.Hashing::smear (13 bytes)
Event: 11.462 Thread 0x0000000014da9000 nmethod 1778 0x0000000002da09d0 code [0x0000000002da0b20, 0x0000000002da0cd0]
Event: 11.462 Thread 0x0000000014da9000 1779       3       java.lang.Integer::rotateLeft (9 bytes)
Event: 11.462 Thread 0x0000000014da9000 nmethod 1779 0x0000000002da06d0 code [0x0000000002da0820, 0x0000000002da0970]
Event: 11.462 Thread 0x0000000014da9000 1780   !   3       com.google.common.reflect.TypeVisitor::visit (225 bytes)
Event: 11.464 Thread 0x0000000014da9000 nmethod 1780 0x0000000002db54d0 code [0x0000000002db57e0, 0x0000000002db74f8]

GC Heap History (8 events):
Event: 0.759 GC heap before
{Heap before GC invocations=1 (full 0):
 PSYoungGen      total 18432K, used 15872K [0x00000000eab00000, 0x00000000ebf80000, 0x0000000100000000)
  eden space 15872K, 100% used [0x00000000eab00000,0x00000000eba80000,0x00000000eba80000)
  from space 2560K, 0% used [0x00000000ebd00000,0x00000000ebd00000,0x00000000ebf80000)
  to   space 2560K, 0% used [0x00000000eba80000,0x00000000eba80000,0x00000000ebd00000)
 ParOldGen       total 42496K, used 0K [0x00000000c0000000, 0x00000000c2980000, 0x00000000eab00000)
  object space 42496K, 0% used [0x00000000c0000000,0x00000000c0000000,0x00000000c2980000)
 Metaspace       used 5448K, capacity 5976K, committed 6144K, reserved 1056768K
  class space    used 694K, capacity 760K, committed 768K, reserved 1048576K
Event: 0.785 GC heap after
Heap after GC invocations=1 (full 0):
 PSYoungGen      total 18432K, used 2544K [0x00000000eab00000, 0x00000000ecf00000, 0x0000000100000000)
  eden space 15872K, 0% used [0x00000000eab00000,0x00000000eab00000,0x00000000eba80000)
  from space 2560K, 99% used [0x00000000eba80000,0x00000000ebcfc278,0x00000000ebd00000)
  to   space 2560K, 0% used [0x00000000ecc80000,0x00000000ecc80000,0x00000000ecf00000)
 ParOldGen       total 42496K, used 228K [0x00000000c0000000, 0x00000000c2980000, 0x00000000eab00000)
  object space 42496K, 0% used [0x00000000c0000000,0x00000000c0039200,0x00000000c2980000)
 Metaspace       used 5448K, capacity 5976K, committed 6144K, reserved 1056768K
  class space    used 694K, capacity 760K, committed 768K, reserved 1048576K
}
Event: 1.076 GC heap before
{Heap before GC invocations=2 (full 0):
 PSYoungGen      total 18432K, used 18416K [0x00000000eab00000, 0x00000000ecf00000, 0x0000000100000000)
  eden space 15872K, 100% used [0x00000000eab00000,0x00000000eba80000,0x00000000eba80000)
  from space 2560K, 99% used [0x00000000eba80000,0x00000000ebcfc278,0x00000000ebd00000)
  to   space 2560K, 0% used [0x00000000ecc80000,0x00000000ecc80000,0x00000000ecf00000)
 ParOldGen       total 42496K, used 228K [0x00000000c0000000, 0x00000000c2980000, 0x00000000eab00000)
  object space 42496K, 0% used [0x00000000c0000000,0x00000000c0039200,0x00000000c2980000)
 Metaspace       used 6725K, capacity 6880K, committed 7168K, reserved 1056768K
  class space    used 864K, capacity 928K, committed 1024K, reserved 1048576K
Event: 1.083 GC heap after
Heap after GC invocations=2 (full 0):
 PSYoungGen      total 34304K, used 2532K [0x00000000eab00000, 0x00000000ecf00000, 0x0000000100000000)
  eden space 31744K, 0% used [0x00000000eab00000,0x00000000eab00000,0x00000000eca00000)
  from space 2560K, 98% used [0x00000000ecc80000,0x00000000ecef92e8,0x00000000ecf00000)
  to   space 2560K, 0% used [0x00000000eca00000,0x00000000eca00000,0x00000000ecc80000)
 ParOldGen       total 42496K, used 337K [0x00000000c0000000, 0x00000000c2980000, 0x00000000eab00000)
  object space 42496K, 0% used [0x00000000c0000000,0x00000000c0054490,0x00000000c2980000)
 Metaspace       used 6725K, capacity 6880K, committed 7168K, reserved 1056768K
  class space    used 864K, capacity 928K, committed 1024K, reserved 1048576K
}
Event: 5.489 GC heap before
{Heap before GC invocations=3 (full 0):
 PSYoungGen      total 34304K, used 34276K [0x00000000eab00000, 0x00000000ecf00000, 0x0000000100000000)
  eden space 31744K, 100% used [0x00000000eab00000,0x00000000eca00000,0x00000000eca00000)
  from space 2560K, 98% used [0x00000000ecc80000,0x00000000ecef92e8,0x00000000ecf00000)
  to   space 2560K, 0% used [0x00000000eca00000,0x00000000eca00000,0x00000000ecc80000)
 ParOldGen       total 42496K, used 337K [0x00000000c0000000, 0x00000000c2980000, 0x00000000eab00000)
  object space 42496K, 0% used [0x00000000c0000000,0x00000000c0054490,0x00000000c2980000)
 Metaspace       used 12841K, capacity 13186K, committed 13440K, reserved 1060864K
  class space    used 1744K, capacity 1879K, committed 1920K, reserved 1048576K
Event: 5.501 GC heap after
Heap after GC invocations=3 (full 0):
 PSYoungGen      total 34304K, used 2544K [0x00000000eab00000, 0x00000000eee00000, 0x0000000100000000)
  eden space 31744K, 0% used [0x00000000eab00000,0x00000000eab00000,0x00000000eca00000)
  from space 2560K, 99% used [0x00000000eca00000,0x00000000ecc7c010,0x00000000ecc80000)
  to   space 2560K, 0% used [0x00000000eeb80000,0x00000000eeb80000,0x00000000eee00000)
 ParOldGen       total 42496K, used 4353K [0x00000000c0000000, 0x00000000c2980000, 0x00000000eab00000)
  object space 42496K, 10% used [0x00000000c0000000,0x00000000c04404c0,0x00000000c2980000)
 Metaspace       used 12841K, capacity 13186K, committed 13440K, reserved 1060864K
  class space    used 1744K, capacity 1879K, committed 1920K, reserved 1048576K
}
Event: 10.017 GC heap before
{Heap before GC invocations=4 (full 0):
 PSYoungGen      total 34304K, used 33647K [0x00000000eab00000, 0x00000000eee00000, 0x0000000100000000)
  eden space 31744K, 97% used [0x00000000eab00000,0x00000000ec95fd98,0x00000000eca00000)
  from space 2560K, 99% used [0x00000000eca00000,0x00000000ecc7c010,0x00000000ecc80000)
  to   space 2560K, 0% used [0x00000000eeb80000,0x00000000eeb80000,0x00000000eee00000)
 ParOldGen       total 42496K, used 4353K [0x00000000c0000000, 0x00000000c2980000, 0x00000000eab00000)
  object space 42496K, 10% used [0x00000000c0000000,0x00000000c04404c0,0x00000000c2980000)
 Metaspace       used 18234K, capacity 18574K, committed 18816K, reserved 1064960K
  class space    used 2474K, capacity 2587K, committed 2688K, reserved 1048576K
Event: 10.036 GC heap after
Heap after GC invocations=4 (full 0):
 PSYoungGen      total 66048K, used 2560K [0x00000000eab00000, 0x00000000eee00000, 0x0000000100000000)
  eden space 63488K, 0% used [0x00000000eab00000,0x00000000eab00000,0x00000000ee900000)
  from space 2560K, 100% used [0x00000000eeb80000,0x00000000eee00000,0x00000000eee00000)
  to   space 2560K, 0% used [0x00000000ee900000,0x00000000ee900000,0x00000000eeb80000)
 ParOldGen       total 42496K, used 9898K [0x00000000c0000000, 0x00000000c2980000, 0x00000000eab00000)
  object space 42496K, 23% used [0x00000000c0000000,0x00000000c09aab08,0x00000000c2980000)
 Metaspace       used 18234K, capacity 18574K, committed 18816K, reserved 1064960K
  class space    used 2474K, capacity 2587K, committed 2688K, reserved 1048576K
}

Deoptimization events (10 events):
Event: 9.479 Thread 0x0000000017e85800 Uncommon trap: reason=class_check action=maybe_recompile pc=0x0000000002898b8c method=sun.misc.URLClassPath.getLoader(I)Lsun/misc/URLClassPath$Loader; @ 94
Event: 9.479 Thread 0x0000000017e85800 Uncommon trap: reason=class_check action=maybe_recompile pc=0x0000000002ad73ac method=sun.misc.URLClassPath.getResource(Ljava/lang/String;Z)Lsun/misc/Resource; @ 62
Event: 9.535 Thread 0x0000000017e85800 Uncommon trap: reason=bimorphic action=maybe_recompile pc=0x0000000002b68770 method=java.lang.ClassLoader.loadClass(Ljava/lang/String;Z)Ljava/lang/Class; @ 38
Event: 9.535 Thread 0x0000000017e85800 Uncommon trap: reason=bimorphic action=maybe_recompile pc=0x0000000002b68770 method=java.lang.ClassLoader.loadClass(Ljava/lang/String;Z)Ljava/lang/Class; @ 38
Event: 9.724 Thread 0x0000000017e85800 Uncommon trap: reason=class_check action=maybe_recompile pc=0x0000000002898d20 method=sun.misc.URLClassPath.getLoader(I)Lsun/misc/URLClassPath$Loader; @ 193
Event: 9.835 Thread 0x0000000017e85800 Uncommon trap: reason=class_check action=maybe_recompile pc=0x0000000002898d20 method=sun.misc.URLClassPath.getLoader(I)Lsun/misc/URLClassPath$Loader; @ 193
Event: 9.876 Thread 0x0000000017e85800 Uncommon trap: reason=class_check action=maybe_recompile pc=0x0000000002898d20 method=sun.misc.URLClassPath.getLoader(I)Lsun/misc/URLClassPath$Loader; @ 193
Event: 10.375 Thread 0x0000000017e85800 Uncommon trap: reason=class_check action=maybe_recompile pc=0x0000000002892fa0 method=sun.misc.URLClassPath.getLoader(I)Lsun/misc/URLClassPath$Loader; @ 94
Event: 11.057 Thread 0x0000000017e85800 Uncommon trap: reason=unstable_if action=reinterpret pc=0x0000000002bc8d3c method=java.util.HashMap.hash(Ljava/lang/Object;)I @ 1
Event: 11.134 Thread 0x0000000017e85800 Uncommon trap: reason=unstable_if action=reinterpret pc=0x0000000002932228 method=java.util.HashMap.hash(Ljava/lang/Object;)I @ 1

Internal exceptions (10 events):
Event: 10.389 Thread 0x0000000017e85800 Exception <a 'java/lang/ClassNotFoundException': org/gradle/initialization/SettingsScriptCustomizer> (0x00000000eb08c400) thrown at [C:\re\workspace\8-2-build-windows-amd64-cygwin\jdk8u101\7261\hotspot\src\share\vm\classfile\systemDictionary.cpp, line 210]»¿õ…$@
Event: 10.393 Thread 0x0000000017e85800 Exception <a 'java/lang/ClassNotFoundException': settings_f250irv5b2e50p4uksry7mwerCustomizer> (0x00000000eb09d020) thrown at [C:\re\workspace\8-2-build-windows-amd64-cygwin\jdk8u101\7261\hotspot\src\share\vm\classfile\systemDictionary.cpp, line 210]
Event: 10.406 Thread 0x0000000017e85800 Exception <a 'java/lang/ClassNotFoundException': org/gradle/initialization/DefaultSettings_DecoratedBeanInfo> (0x00000000eb2401b0) thrown at [C:\re\workspace\8-2-build-windows-amd64-cygwin\jdk8u101\7261\hotspot\src\share\vm\classfile\systemDictionary.cpp, Â÷rùá–$@
Event: 10.407 Thread 0x0000000017e85800 Exception <a 'java/lang/ClassNotFoundException': org/gradle/initialization/DefaultSettingsBeanInfo> (0x00000000eb25b910) thrown at [C:\re\workspace\8-2-build-windows-amd64-cygwin\jdk8u101\7261\hotspot\src\share\vm\classfile\systemDictionary.cpp, line 210]
Event: 10.408 Thread 0x0000000017e85800 Exception <a 'java/lang/ClassNotFoundException': org/gradle/initialization/BaseSettingsBeanInfo> (0x00000000eb276188) thrown at [C:\re\workspace\8-2-build-windows-amd64-cygwin\jdk8u101\7261\hotspot\src\share\vm\classfile\systemDictionary.cpp, line 210]
Event: 10.409 Thread 0x0000000017e85800 Exception <a 'java/lang/ClassNotFoundException': org/gradle/initialization/BaseSettingsCustomizer> (0x00000000eb2917d0) thrown at [C:\re\workspace\8-2-build-windows-amd64-cygwin\jdk8u101\7261\hotspot\src\share\vm\classfile\systemDictionary.cpp, line 210]
Event: 10.413 Thread 0x0000000017e85800 Exception <a 'java/lang/ClassNotFoundException': org/gradle/initialization/DefaultSettingsCustomizer> (0x00000000eb2d36e0) thrown at [C:\re\workspace\8-2-build-windows-amd64-cygwin\jdk8u101\7261\hotspot\src\share\vm\classfile\systemDictionary.cpp, line 210“ÁEºŸ$@
Event: 10.425 Thread 0x0000000017e85800 Exception <a 'java/lang/ClassNotFoundException': org/gradle/initialization/DefaultSettings_DecoratedCustomizer> (0x00000000eb2f8fa8) thrown at [C:\re\workspace\8-2-build-windows-amd64-cygwin\jdk8u101\7261\hotspot\src\share\vm\classfile\systemDictionary.cppáfÒ∂d&@
Event: 11.057 Thread 0x0000000017e85800 Implicit null exception at 0x0000000002bc8b55 to 0x0000000002bc8d2d
Event: 11.134 Thread 0x0000000017e85800 Implicit null exception at 0x00000000029321af to 0x0000000002932219

Events (10 events):
Event: 11.463 loading class org/gradle/model/internal/inspect/ModelRuleExtractor$1
Event: 11.463 loading class org/gradle/model/internal/inspect/ModelRuleExtractor$1 done
Event: 11.463 loading class com/google/common/collect/Iterables
Event: 11.463 loading class com/google/common/collect/Iterables done
Event: 11.479 loading class com/google/common/collect/Iterables$2
Event: 11.479 loading class com/google/common/collect/Iterables$2 done
Event: 11.481 loading class com/google/common/collect/FluentIterable$1
Event: 11.481 loading class com/google/common/collect/FluentIterable$1 done
Event: 11.486 loading class org/gradle/model/internal/registry/DefaultModelRegistry
Event: 11.486 loading class org/gradle/model/internal/registry/DefaultModelRegistry done


Dynamic libraries:
0x00007ff76d690000 - 0x00007ff76d6c7000 	C:\Program Files\Java\jdk1.8.0_101\bin\java.exe
0x00007ffa7e550000 - 0x00007ffa7e6fd000 	C:\Windows\SYSTEM32\ntdll.dll
0x00007ffa7c7e0000 - 0x00007ffa7c91e000 	C:\Windows\system32\KERNEL32.DLL
0x00007ffa7b850000 - 0x00007ffa7b965000 	C:\Windows\system32\KERNELBASE.dll
0x00007ffa7a0a0000 - 0x00007ffa7a12e000 	C:\Windows\system32\apphelp.dll
0x00007ffa76260000 - 0x00007ffa762b3000 	C:\Windows\AppPatch\AppPatch64\AcGenral.DLL
0x00007ffa7e0b0000 - 0x00007ffa7e15a000 	C:\Windows\system32\msvcrt.dll
0x00007ffa7b9d0000 - 0x00007ffa7b9fe000 	C:\Windows\system32\SspiCli.dll
0x00007ffa7bca0000 - 0x00007ffa7bcf4000 	C:\Windows\system32\SHLWAPI.dll
0x00007ffa7c930000 - 0x00007ffa7caa7000 	C:\Windows\system32\USER32.dll
0x00007ffa7c640000 - 0x00007ffa7c7d4000 	C:\Windows\system32\ole32.dll
0x00007ffa7cab0000 - 0x00007ffa7dfda000 	C:\Windows\system32\SHELL32.dll
0x00007ffa7ace0000 - 0x00007ffa7ad01000 	C:\Windows\SYSTEM32\USERENV.dll
0x00007ffa7c1d0000 - 0x00007ffa7c27a000 	C:\Windows\system32\ADVAPI32.dll
0x00007ffa662b0000 - 0x00007ffa662ce000 	C:\Windows\SYSTEM32\MPR.dll
0x00007ffa7be50000 - 0x00007ffa7bf90000 	C:\Windows\system32\RPCRT4.dll
0x00007ffa7c170000 - 0x00007ffa7c1c9000 	C:\Windows\SYSTEM32\sechost.dll
0x00007ffa7c3b0000 - 0x00007ffa7c5c1000 	C:\Windows\SYSTEM32\combase.dll
0x00007ffa7bd00000 - 0x00007ffa7be4f000 	C:\Windows\system32\GDI32.dll
0x00007ffa7b680000 - 0x00007ffa7b695000 	C:\Windows\SYSTEM32\profapi.dll
0x00007ffa79ce0000 - 0x00007ffa79d92000 	C:\Windows\SYSTEM32\SHCORE.dll
0x00007ffa7dfe0000 - 0x00007ffa7e016000 	C:\Windows\system32\IMM32.DLL
0x00007ffa7e3f0000 - 0x00007ffa7e542000 	C:\Windows\system32\MSCTF.dll
0x00007ffa79350000 - 0x00007ffa795cb000 	C:\Windows\WinSxS\amd64_microsoft.windows.common-controls_6595b64144ccf1df_6.0.9600.18006_none_623f33d3ecbe86e8\COMCTL32.dll
0x00000000648b0000 - 0x0000000064982000 	C:\Program Files\Java\jdk1.8.0_101\jre\bin\msvcr100.dll
0x0000000064b40000 - 0x00000000653da000 	C:\Program Files\Java\jdk1.8.0_101\jre\bin\server\jvm.dll
0x00007ffa791e0000 - 0x00007ffa791e9000 	C:\Windows\SYSTEM32\WSOCK32.dll
0x00007ffa77710000 - 0x00007ffa77732000 	C:\Windows\SYSTEM32\WINMM.dll
0x00007ffa73190000 - 0x00007ffa7319a000 	C:\Windows\SYSTEM32\VERSION.dll
0x00007ffa7e3e0000 - 0x00007ffa7e3e7000 	C:\Windows\system32\PSAPI.DLL
0x00007ffa7c350000 - 0x00007ffa7c3aa000 	C:\Windows\system32\WS2_32.dll
0x00007ffa775f0000 - 0x00007ffa7761a000 	C:\Windows\SYSTEM32\WINMMBASE.dll
0x00007ffa7c920000 - 0x00007ffa7c929000 	C:\Windows\system32\NSI.dll
0x00007ffa7b800000 - 0x00007ffa7b84f000 	C:\Windows\SYSTEM32\cfgmgr32.dll
0x00007ffa7a300000 - 0x00007ffa7a328000 	C:\Windows\SYSTEM32\DEVOBJ.dll
0x0000000064a50000 - 0x0000000064a5f000 	C:\Program Files\Java\jdk1.8.0_101\jre\bin\verify.dll
0x0000000064a20000 - 0x0000000064a49000 	C:\Program Files\Java\jdk1.8.0_101\jre\bin\java.dll
0x0000000064a00000 - 0x0000000064a16000 	C:\Program Files\Java\jdk1.8.0_101\jre\bin\zip.dll
0x00000000649e0000 - 0x00000000649fa000 	C:\Program Files\Java\jdk1.8.0_101\jre\bin\net.dll
0x00007ffa7aec0000 - 0x00007ffa7af19000 	C:\Windows\system32\mswsock.dll
0x00000000649c0000 - 0x00000000649d1000 	C:\Program Files\Java\jdk1.8.0_101\jre\bin\nio.dll
0x00007ffa78670000 - 0x00007ffa78682000 	C:\Users\irabokalo\.gradle\native\19\windows-amd64\native-platform.dll
0x00007ffa75e40000 - 0x00007ffa75e6a000 	C:\Windows\SYSTEM32\IPHLPAPI.DLL
0x00007ffa75e30000 - 0x00007ffa75e3a000 	C:\Windows\SYSTEM32\WINNSI.DLL
0x00007ffa75a30000 - 0x00007ffa75a46000 	C:\Windows\SYSTEM32\dhcpcsvc6.DLL
0x00007ffa75a50000 - 0x00007ffa75a6a000 	C:\Windows\SYSTEM32\dhcpcsvc.DLL
0x00007ffa7af20000 - 0x00007ffa7af40000 	C:\Windows\SYSTEM32\CRYPTSP.dll
0x00007ffa7aaf0000 - 0x00007ffa7ab26000 	C:\Windows\system32\rsaenh.dll
0x00007ffa7b170000 - 0x00007ffa7b196000 	C:\Windows\SYSTEM32\bcrypt.dll
0x00007ffa7b480000 - 0x00007ffa7b4e3000 	C:\Windows\system32\bcryptprimitives.dll
0x00007ffa7b4f0000 - 0x00007ffa7b4fb000 	C:\Windows\SYSTEM32\CRYPTBASE.dll

VM Arguments:
jvm_args: -XX:MaxPermSize=256m -XX:+HeapDumpOnOutOfMemoryError -Xmx1024m -Dfile.encoding=windows-1251 -Duser.country=US -Duser.language=en -Duser.variant 
java_command: org.gradle.launcher.daemon.bootstrap.GradleDaemon 2.10
java_class_path (initial): C:\Program Files\Android\Android Studio\gradle\gradle-2.10\lib\gradle-launcher-2.10.jar
Launcher Type: SUN_STANDARD

Environment Variables:
PATH=C:\ProgramData\Oracle\Java\javapath;C:\Windows\system32;C:\Windows;C:\Windows\System32\Wbem;C:\Windows\System32\WindowsPowerShell\v1.0\;C:\Program Files\7-Zip;C:\Program Files (x86)\Skype\Phone\;C:\Program Files\Git\cmd
USERNAME=irabokalo
OS=Windows_NT
PROCESSOR_IDENTIFIER=Intel64 Family 6 Model 58 Stepping 9, GenuineIntel



---------------  S Y S T E M  ---------------

OS: Windows 8.1 , 64 bit Build 9600 (6.3.9600.17415)

CPU:total 4 (2 cores per cpu, 2 threads per core) family 6 model 58 stepping 9, cmov, cx8, fxsr, mmx, sse, sse2, sse3, ssse3, sse4.1, sse4.2, popcnt, avx, clmul, erms, ht, tsc, tscinvbit, tscinv

Memory: 4k page, physical 3946720k(470184k free), swap 4151520k(4816k free)

vm_info: Java HotSpot(TM) 64-Bit Server VM (25.101-b13) for windows-amd64 JRE (1.8.0_101-b13), built on Jun 22 2016 01:21:29 by "java_re" with MS VC++ 10.0 (VS2010)

time: Tue Jul 26 11:42:55 2016
elapsed time: 11 seconds (0d 0h 0m 11s)

