#
# There is insufficient memory for the Java Runtime Environment to continue.
# Native memory allocation (malloc) failed to allocate 32744 bytes for ChunkPool::allocate
# Possible reasons:
#   The system is out of physical RAM or swap space
#   In 32 bit mode, the process size limit was hit
# Possible solutions:
#   Reduce memory load on the system
#   Increase physical memory or swap space
#   Check if swap backing store is full
#   Use 64 bit Java on a 64 bit OS
#   Decrease Java heap size (-Xmx/-Xms)
#   Decrease number of Java threads
#   Decrease Java thread stack sizes (-Xss)
#   Set larger code cache with -XX:ReservedCodeCacheSize=
# This output file may be truncated or incomplete.
#
#  Out of Memory Error (allocation.cpp:273), pid=3192, tid=0x0000000000000884
#
# JRE version: Java(TM) SE Runtime Environment (8.0_101-b13) (build 1.8.0_101-b13)
# Java VM: Java HotSpot(TM) 64-Bit Server VM (25.101-b13 mixed mode windows-amd64 compressed oops)
# Failed to write core dump. Minidumps are not enabled by default on client versions of Windows
#

---------------  T H R E A D  ---------------

Current thread (0x0000000014d2d800):  JavaThread "C1 CompilerThread2" daemon [_thread_in_native, id=2180, stack(0x0000000016500000,0x0000000016600000)]

Stack: [0x0000000016500000,0x0000000016600000]
[error occurred during error reporting (printing stack bounds), id 0xc0000005]

Native frames: (J=compiled Java code, j=interpreted, Vv=VM code, C=native code)


Current CompileTask:
C1:  14306 1371       3       com.android.dx.cf.direct.StdAttributeFactory::code (613 bytes)


---------------  P R O C E S S  ---------------

Java Threads: ( => current thread )
  0x00000000166cc000 JavaThread "pool-1-thread-4" [_thread_in_vm, id=1760, stack(0x0000000017000000,0x0000000017100000)]
  0x00000000166cb000 JavaThread "pool-1-thread-3" [_thread_in_vm, id=1880, stack(0x0000000016f00000,0x0000000017000000)]
  0x00000000168a8000 JavaThread "pool-1-thread-2" [_thread_in_vm, id=1964, stack(0x0000000016e00000,0x0000000016f00000)]
  0x00000000168a5000 JavaThread "pool-2-thread-1" [_thread_blocked, id=2256, stack(0x0000000016d00000,0x0000000016e00000)]
  0x00000000168a4800 JavaThread "pool-1-thread-1" [_thread_blocked, id=4940, stack(0x0000000016c00000,0x0000000016d00000)]
  0x0000000016604800 JavaThread "Service Thread" daemon [_thread_blocked, id=852, stack(0x0000000016a00000,0x0000000016b00000)]
=>0x0000000014d2d800 JavaThread "C1 CompilerThread2" daemon [_thread_in_native, id=2180, stack(0x0000000016500000,0x0000000016600000)]
  0x0000000014d27800 JavaThread "C2 CompilerThread1" daemon [_thread_in_native, id=4856, stack(0x0000000016400000,0x0000000016500000)]
  0x0000000014ccd800 JavaThread "C2 CompilerThread0" daemon [_thread_in_native, id=4804, stack(0x0000000016300000,0x0000000016400000)]
  0x0000000014ccc000 JavaThread "Attach Listener" daemon [_thread_blocked, id=4748, stack(0x0000000016200000,0x0000000016300000)]
  0x0000000014ccb000 JavaThread "Signal Dispatcher" daemon [_thread_blocked, id=988, stack(0x0000000016100000,0x0000000016200000)]
  0x0000000014cba000 JavaThread "Finalizer" daemon [_thread_blocked, id=4564, stack(0x0000000015f20000,0x0000000016020000)]
  0x00000000025ef000 JavaThread "Reference Handler" daemon [_thread_blocked, id=4136, stack(0x0000000015e20000,0x0000000015f20000)]
  0x0000000002500800 JavaThread "main" [_thread_in_Java, id=3292, stack(0x0000000002370000,0x0000000002470000)]

Other Threads:
  0x0000000014c97800 VMThread [stack: 0x0000000015d20000,0x0000000015e20000] [id=3020]
  0x000000001660a800 WatcherThread [stack: 0x0000000016b00000,0x0000000016c00000] [id=3524]

VM state:not at safepoint (normal execution)

VM Mutex/Monitor currently owned by a thread:  ([mutex/lock_event])
[0x00000000024abf90] Heap_lock - owner thread: 0x00000000168a4800

Heap:
 PSYoungGen      total 34304K, used 9929K [0x00000000eab00000, 0x00000000ecf00000, 0x0000000100000000)
  eden space 31744K, 23% used [0x00000000eab00000,0x00000000eb237958,0x00000000eca00000)
  from space 2560K, 99% used [0x00000000ecc80000,0x00000000ecefac40,0x00000000ecf00000)
  to   space 2560K, 0% used [0x00000000eca00000,0x00000000eca00000,0x00000000ecc80000)
 ParOldGen       total 42496K, used 3934K [0x00000000c0000000, 0x00000000c2980000, 0x00000000eab00000)
  object space 42496K, 9% used [0x00000000c0000000,0x00000000c03d7ab8,0x00000000c2980000)
 Metaspace       used 6125K, capacity 6960K, committed 7040K, reserved 1056768K
  class space    used 600K, capacity 616K, committed 640K, reserved 1048576K

Card table byte_map: [0x00000000119c0000,0x0000000011bd0000] byte_map_base: 0x00000000113c0000

Marking Bits: (ParMarkBitMap*) 0x000000007124a6d0
 Begin Bits: [0x0000000012130000, 0x0000000013130000)
 End Bits:   [0x0000000013130000, 0x0000000014130000)

Polling page: 0x0000000000ad0000

CodeCache: size=245760Kb used=5713Kb max_used=5726Kb free=240046Kb
 bounds [0x0000000002600000, 0x0000000002ba0000, 0x0000000011600000]
 total_blobs=1633 nmethods=1364 adapters=182
 compilation: enabled

Compilation events (10 events):
Event: 14.181 Thread 0x0000000014ccd800 1363       4       com.android.dx.ssa.back.LivenessAnalyzer::run (231 bytes)
Event: 14.265 Thread 0x0000000014ccd800 nmethod 1363 0x0000000002b91550 code [0x0000000002b91820, 0x0000000002b93080]
Event: 14.268 Thread 0x0000000014d2d800 1364       3       com.android.dx.ssa.back.FirstFitLocalCombiningAllocator::handleCheckCastResults (413 bytes)
Event: 14.273 Thread 0x0000000014d2d800 nmethod 1364 0x0000000002b94fd0 code [0x0000000002b955a0, 0x0000000002b99478]
Event: 14.274 Thread 0x0000000014ccd800 1365       4       com.android.dx.rop.code.Insn::hashCode (5 bytes)
Event: 14.275 Thread 0x0000000014ccd800 nmethod 1365 0x0000000002b78990 code [0x0000000002b78ae0, 0x0000000002b78b88]
Event: 14.275 Thread 0x0000000014ccd800 1366       4       com.android.dx.ssa.Dominators$DfsWalker::visitBlock (59 bytes)
Event: 14.286 Thread 0x0000000014ccd800 nmethod 1366 0x0000000002b8ed50 code [0x0000000002b8eec0, 0x0000000002b8f438]
Event: 14.286 Thread 0x0000000014ccd800 1367       4       com.android.dx.ssa.SsaRenamer$1::visitBlock (16 bytes)
Event: 14.299 Thread 0x0000000014d2d800 1371       3       com.android.dx.cf.direct.StdAttributeFactory::code (613 bytes)

GC Heap History (4 events):
Event: 11.821 GC heap before
{Heap before GC invocations=1 (full 0):
 PSYoungGen      total 18432K, used 15872K [0x00000000eab00000, 0x00000000ebf80000, 0x0000000100000000)
  eden space 15872K, 100% used [0x00000000eab00000,0x00000000eba80000,0x00000000eba80000)
  from space 2560K, 0% used [0x00000000ebd00000,0x00000000ebd00000,0x00000000ebf80000)
  to   space 2560K, 0% used [0x00000000eba80000,0x00000000eba80000,0x00000000ebd00000)
 ParOldGen       total 42496K, used 0K [0x00000000c0000000, 0x00000000c2980000, 0x00000000eab00000)
  object space 42496K, 0% used [0x00000000c0000000,0x00000000c0000000,0x00000000c2980000)
 Metaspace       used 5922K, capacity 6832K, committed 7040K, reserved 1056768K
  class space    used 599K, capacity 616K, committed 640K, reserved 1048576K
Event: 12.150 GC heap after
Heap after GC invocations=1 (full 0):
 PSYoungGen      total 18432K, used 2533K [0x00000000eab00000, 0x00000000ecf00000, 0x0000000100000000)
  eden space 15872K, 0% used [0x00000000eab00000,0x00000000eab00000,0x00000000eba80000)
  from space 2560K, 98% used [0x00000000eba80000,0x00000000ebcf9520,0x00000000ebd00000)
  to   space 2560K, 0% used [0x00000000ecc80000,0x00000000ecc80000,0x00000000ecf00000)
 ParOldGen       total 42496K, used 1593K [0x00000000c0000000, 0x00000000c2980000, 0x00000000eab00000)
  object space 42496K, 3% used [0x00000000c0000000,0x00000000c018e498,0x00000000c2980000)
 Metaspace       used 5922K, capacity 6832K, committed 7040K, reserved 1056768K
  class space    used 599K, capacity 616K, committed 640K, reserved 1048576K
}
Event: 13.768 GC heap before
{Heap before GC invocations=2 (full 0):
 PSYoungGen      total 18432K, used 18405K [0x00000000eab00000, 0x00000000ecf00000, 0x0000000100000000)
  eden space 15872K, 100% used [0x00000000eab00000,0x00000000eba80000,0x00000000eba80000)
  from space 2560K, 98% used [0x00000000eba80000,0x00000000ebcf9520,0x00000000ebd00000)
  to   space 2560K, 0% used [0x00000000ecc80000,0x00000000ecc80000,0x00000000ecf00000)
 ParOldGen       total 42496K, used 1593K [0x00000000c0000000, 0x00000000c2980000, 0x00000000eab00000)
  object space 42496K, 3% used [0x00000000c0000000,0x00000000c018e498,0x00000000c2980000)
 Metaspace       used 6070K, capacity 6960K, committed 7040K, reserved 1056768K
  class space    used 600K, capacity 616K, committed 640K, reserved 1048576K
Event: 13.959 GC heap after
Heap after GC invocations=2 (full 0):
 PSYoungGen      total 34304K, used 2539K [0x00000000eab00000, 0x00000000ecf00000, 0x0000000100000000)
  eden space 31744K, 0% used [0x00000000eab00000,0x00000000eab00000,0x00000000eca00000)
  from space 2560K, 99% used [0x00000000ecc80000,0x00000000ecefac40,0x00000000ecf00000)
  to   space 2560K, 0% used [0x00000000eca00000,0x00000000eca00000,0x00000000ecc80000)
 ParOldGen       total 42496K, used 3934K [0x00000000c0000000, 0x00000000c2980000, 0x00000000eab00000)
  object space 42496K, 9% used [0x00000000c0000000,0x00000000c03d7ab8,0x00000000c2980000)
 Metaspace       used 6070K, capacity 6960K, committed 7040K, reserved 1056768K
  class space    used 600K, capacity 616K, committed 640K, reserved 1048576K
}

Deoptimization events (9 events):
Event: 10.754 Thread 0x0000000002500800 Uncommon trap: reason=unstable_if action=reinterpret pc=0x00000000028be730 method=java.util.BitSet.nextSetBit(I)I @ 87
Event: 10.775 Thread 0x0000000002500800 Uncommon trap: reason=class_check action=maybe_recompile pc=0x00000000028ee230 method=com.android.dx.ssa.NormalSsaInsn.accept(Lcom/android/dx/ssa/SsaInsn$Visitor;)V @ 9
Event: 10.815 Thread 0x00000000166cc000 Uncommon trap: reason=unstable_if action=reinterpret pc=0x00000000028832b0 method=java.util.HashMap.getNode(ILjava/lang/Object;)Ljava/util/HashMap$Node; @ 62
Event: 12.162 Thread 0x00000000168a8000 Uncommon trap: reason=unstable_if action=reinterpret pc=0x0000000002923588 method=java.util.HashMap.getNode(ILjava/lang/Object;)Ljava/util/HashMap$Node; @ 62
Event: 12.164 Thread 0x00000000168a8000 Uncommon trap: reason=unstable_if action=reinterpret pc=0x0000000002941b9c method=com.android.dx.rop.cst.Constant.compareTo(Lcom/android/dx/rop/cst/Constant;)I @ 12
Event: 12.191 Thread 0x00000000168a4800 Uncommon trap: reason=unstable_if action=reinterpret pc=0x0000000002a1f9e4 method=com.android.dx.rop.code.RegisterSpec.equals(ILcom/android/dx/rop/type/TypeBearer;Lcom/android/dx/rop/code/LocalItem;)Z @ 16
Event: 12.191 Thread 0x00000000168a4800 Uncommon trap: reason=unstable_if action=reinterpret pc=0x00000000029d0050 method=com.android.dx.rop.code.RegisterSpec.equals(ILcom/android/dx/rop/type/TypeBearer;Lcom/android/dx/rop/code/LocalItem;)Z @ 16
Event: 13.307 Thread 0x00000000168a4800 Uncommon trap: reason=unstable_if action=reinterpret pc=0x0000000002ad16e4 method=com.android.dx.ssa.SsaRenamer$BlockRenamer.addMapping(ILcom/android/dx/rop/code/RegisterSpec;)V @ 120
Event: 13.960 Thread 0x00000000168a8000 Uncommon trap: reason=null_check action=make_not_entrant pc=0x0000000002a2dff0 method=com.android.dx.rop.type.Type.equals(Ljava/lang/Object;)Z @ 8

Internal exceptions (3 events):
Event: 0.664 Thread 0x0000000002500800 Exception <a 'java/lang/NoSuchMethodError': Method sun.misc.Unsafe.defineClass(Ljava/lang/String;[BII)Ljava/lang/Class; name or signature does not match> (0x00000000eab07cc0) thrown at [C:\re\workspace\8-2-build-windows-amd64-cygwin\jdk8u101\7261\hotspot\sºöPŸBå?
Event: 0.664 Thread 0x0000000002500800 Exception <a 'java/lang/NoSuchMethodError': Method sun.misc.Unsafe.prefetchRead(Ljava/lang/Object;J)V name or signature does not match> (0x00000000eab07fa8) thrown at [C:\re\workspace\8-2-build-windows-amd64-cygwin\jdk8u101\7261\hotspot\src\share\vm\prims\°19ªë+@
Event: 13.960 Thread 0x00000000168a8000 Implicit null exception at 0x0000000002a2dee2 to 0x0000000002a2dfe1

Events (10 events):
Event: 13.136 Thread 0x00000000168a4800 DEOPT PACKING pc=0x0000000002948f9b sp=0x0000000016cfe8a0
Event: 13.136 Thread 0x00000000168a4800 DEOPT UNPACKING pc=0x000000000264787f sp=0x0000000016cfe668 mode 0
Event: 13.307 Thread 0x00000000168a4800 Uncommon trap: trap_request=0xffffff65 fr.pc=0x0000000002ad16e4
Event: 13.307 Thread 0x00000000168a4800 DEOPT PACKING pc=0x0000000002ad16e4 sp=0x0000000016cfe7a0
Event: 13.307 Thread 0x00000000168a4800 DEOPT UNPACKING pc=0x000000000264582a sp=0x0000000016cfe780 mode 2
Event: 13.316 Executing VM operation: ParallelGCFailedAllocation
Event: 13.959 Executing VM operation: ParallelGCFailedAllocation done
Event: 13.960 Thread 0x00000000168a8000 Uncommon trap: trap_request=0xfffffff4 fr.pc=0x0000000002a2dff0
Event: 13.960 Thread 0x00000000168a8000 DEOPT PACKING pc=0x0000000002a2dff0 sp=0x0000000016efe7c0
Event: 13.960 Thread 0x00000000168a8000 DEOPT UNPACKING pc=0x000000000264582a sp=0x0000000016efe758 mode 2


Dynamic libraries:
0x00007ff734640000 - 0x00007ff734677000 	C:\Program Files\Java\jdk1.8.0_101\bin\java.exe
0x00007ffe3c110000 - 0x00007ffe3c2bd000 	C:\Windows\SYSTEM32\ntdll.dll
0x00007ffe399b0000 - 0x00007ffe39aee000 	C:\Windows\system32\KERNEL32.DLL
0x00007ffe39680000 - 0x00007ffe39795000 	C:\Windows\system32\KERNELBASE.dll
0x00007ffe37c60000 - 0x00007ffe37cee000 	C:\Windows\system32\apphelp.dll
0x00007ffe23f00000 - 0x00007ffe23f53000 	C:\Windows\AppPatch\AppPatch64\AcGenral.DLL
0x00007ffe3be60000 - 0x00007ffe3bf0a000 	C:\Windows\system32\msvcrt.dll
0x00007ffe393c0000 - 0x00007ffe393ee000 	C:\Windows\system32\SspiCli.dll
0x00007ffe3bdf0000 - 0x00007ffe3be44000 	C:\Windows\system32\SHLWAPI.dll
0x00007ffe3a3e0000 - 0x00007ffe3a557000 	C:\Windows\system32\USER32.dll
0x00007ffe39af0000 - 0x00007ffe39c84000 	C:\Windows\system32\ole32.dll
0x00007ffe3a570000 - 0x00007ffe3ba9a000 	C:\Windows\system32\SHELL32.dll
0x00007ffe38a90000 - 0x00007ffe38ab1000 	C:\Windows\SYSTEM32\USERENV.dll
0x00007ffe3a330000 - 0x00007ffe3a3da000 	C:\Windows\system32\ADVAPI32.dll
0x00007ffe27920000 - 0x00007ffe2793e000 	C:\Windows\SYSTEM32\MPR.dll
0x00007ffe3bf60000 - 0x00007ffe3c0a0000 	C:\Windows\system32\RPCRT4.dll
0x00007ffe3bb60000 - 0x00007ffe3bbb9000 	C:\Windows\SYSTEM32\sechost.dll
0x00007ffe39ff0000 - 0x00007ffe3a201000 	C:\Windows\SYSTEM32\combase.dll
0x00007ffe39c90000 - 0x00007ffe39ddf000 	C:\Windows\system32\GDI32.dll
0x00007ffe39240000 - 0x00007ffe39255000 	C:\Windows\SYSTEM32\profapi.dll
0x00007ffe37610000 - 0x00007ffe376c2000 	C:\Windows\SYSTEM32\SHCORE.dll
0x00007ffe3bf20000 - 0x00007ffe3bf56000 	C:\Windows\system32\IMM32.DLL
0x00007ffe3bc90000 - 0x00007ffe3bde2000 	C:\Windows\system32\MSCTF.dll
0x00007ffe36bd0000 - 0x00007ffe36e4b000 	C:\Windows\WinSxS\amd64_microsoft.windows.common-controls_6595b64144ccf1df_6.0.9600.18006_none_623f33d3ecbe86e8\COMCTL32.dll
0x00000000704c0000 - 0x0000000070592000 	C:\Program Files\Java\jdk1.8.0_101\jre\bin\msvcr100.dll
0x0000000070a30000 - 0x00000000712ca000 	C:\Program Files\Java\jdk1.8.0_101\jre\bin\server\jvm.dll
0x00007ffe34c20000 - 0x00007ffe34c29000 	C:\Windows\SYSTEM32\WSOCK32.dll
0x00007ffe229d0000 - 0x00007ffe229f2000 	C:\Windows\SYSTEM32\WINMM.dll
0x00007ffe30c10000 - 0x00007ffe30c1a000 	C:\Windows\SYSTEM32\VERSION.dll
0x00007ffe3bf10000 - 0x00007ffe3bf17000 	C:\Windows\system32\PSAPI.DLL
0x00007ffe3a2d0000 - 0x00007ffe3a32a000 	C:\Windows\system32\WS2_32.dll
0x00007ffe229a0000 - 0x00007ffe229ca000 	C:\Windows\SYSTEM32\WINMMBASE.dll
0x00007ffe3be50000 - 0x00007ffe3be59000 	C:\Windows\system32\NSI.dll
0x00007ffe395d0000 - 0x00007ffe3961f000 	C:\Windows\SYSTEM32\cfgmgr32.dll
0x00007ffe37ee0000 - 0x00007ffe37f08000 	C:\Windows\SYSTEM32\DEVOBJ.dll
0x0000000070940000 - 0x000000007094f000 	C:\Program Files\Java\jdk1.8.0_101\jre\bin\verify.dll
0x0000000070910000 - 0x0000000070939000 	C:\Program Files\Java\jdk1.8.0_101\jre\bin\java.dll
0x00000000708f0000 - 0x0000000070906000 	C:\Program Files\Java\jdk1.8.0_101\jre\bin\zip.dll

VM Arguments:
jvm_args: -Djava.awt.headless=true -Xmx1024M -Dfile.encoding=windows-1251 -Duser.country=US -Duser.language=en -Duser.variant 
java_command: com.android.dx.command.Main --dex --force-jumbo --num-threads=4 --output D:\project\MoviesApp\MoviesApp\app\build\intermediates\pre-dexed\debug\com.mikepenz-materialdrawer-5.3.4_7772b18e808241112c40c5551c12fc7acf04e485.jar D:\project\MoviesApp\MoviesApp\app\build\intermediates\exploded-aar\com.mikepenz\materialdrawer\5.3.4\jars\classes.jar
java_class_path (initial): C:\Users\irabokalo\AppData\Local\Android\sdk\build-tools\24.0.0\lib\dx.jar
Launcher Type: SUN_STANDARD

Environment Variables:
PATH=C:\ProgramData\Oracle\Java\javapath;C:\Windows\system32;C:\Windows;C:\Windows\System32\Wbem;C:\Windows\System32\WindowsPowerShell\v1.0\;C:\Program Files\7-Zip;C:\Program Files (x86)\Skype\Phone\;C:\Program Files\Git\cmd
USERNAME=irabokalo
OS=Windows_NT
PROCESSOR_IDENTIFIER=Intel64 Family 6 Model 58 Stepping 9, GenuineIntel



---------------  S Y S T E M  ---------------

OS: Windows 8.1 , 64 bit Build 9600 (6.3.9600.17415)

CPU:total 4 (2 cores per cpu, 2 threads per core) family 6 model 58 stepping 9, cmov, cx8, fxsr, mmx, sse, sse2, sse3, ssse3, sse4.1, sse4.2, popcnt, avx, clmul, erms, ht, tsc, tscinvbit, tscinv

Memory: 4k page, physical 3946720k(415308k free), swap 4151520k(5332k free)

vm_info: Java HotSpot(TM) 64-Bit Server VM (25.101-b13) for windows-amd64 JRE (1.8.0_101-b13), built on Jun 22 2016 01:21:29 by "java_re" with MS VC++ 10.0 (VS2010)

time: Fri Jul 29 13:43:54 2016
elapsed time: 14 seconds (0d 0h 0m 14s)

