#
# There is insufficient memory for the Java Runtime Environment to continue.
# Native memory allocation (malloc) failed to allocate 399696 bytes for Chunk::new
# Possible reasons:
#   The system is out of physical RAM or swap space
#   In 32 bit mode, the process size limit was hit
# Possible solutions:
#   Reduce memory load on the system
#   Increase physical memory or swap space
#   Check if swap backing store is full
#   Use 64 bit Java on a 64 bit OS
#   Decrease Java heap size (-Xmx/-Xms)
#   Decrease number of Java threads
#   Decrease Java thread stack sizes (-Xss)
#   Set larger code cache with -XX:ReservedCodeCacheSize=
# This output file may be truncated or incomplete.
#
#  Out of Memory Error (allocation.cpp:390), pid=5388, tid=0x0000000000000ab0
#
# JRE version: Java(TM) SE Runtime Environment (8.0_101-b13) (build 1.8.0_101-b13)
# Java VM: Java HotSpot(TM) 64-Bit Server VM (25.101-b13 mixed mode windows-amd64 compressed oops)
# Failed to write core dump. Minidumps are not enabled by default on client versions of Windows
#

---------------  T H R E A D  ---------------

Current thread (0x00000000147cd800):  JavaThread "C2 CompilerThread0" daemon [_thread_in_native, id=2736, stack(0x0000000015e10000,0x0000000015f10000)]

Stack: [0x0000000015e10000,0x0000000015f10000]
[error occurred during error reporting (printing stack bounds), id 0xc0000005]

Native frames: (J=compiled Java code, j=interpreted, Vv=VM code, C=native code)


Current CompileTask:
C2:   3687 1337       4       com.android.dx.ssa.LocalVariableExtractor::processBlock (383 bytes)


---------------  P R O C E S S  ---------------

Java Threads: ( => current thread )
  0x00000000163aa800 JavaThread "pool-1-thread-4" [_thread_blocked, id=1008, stack(0x0000000016b10000,0x0000000016c10000)]
  0x00000000163aa000 JavaThread "pool-1-thread-3" [_thread_blocked, id=3720, stack(0x0000000016a10000,0x0000000016b10000)]
  0x00000000163a9000 JavaThread "pool-1-thread-2" [_thread_blocked, id=1096, stack(0x0000000016910000,0x0000000016a10000)]
  0x00000000163a6800 JavaThread "pool-2-thread-1" [_thread_blocked, id=4712, stack(0x0000000016810000,0x0000000016910000)]
  0x00000000163a5800 JavaThread "pool-1-thread-1" [_thread_in_vm, id=2908, stack(0x0000000016710000,0x0000000016810000)]
  0x0000000016114800 JavaThread "Service Thread" daemon [_thread_blocked, id=3004, stack(0x0000000016510000,0x0000000016610000)]
  0x000000001482d800 JavaThread "C1 CompilerThread2" daemon [_thread_blocked, id=5396, stack(0x0000000016010000,0x0000000016110000)]
  0x0000000014827800 JavaThread "C2 CompilerThread1" daemon [_thread_in_native, id=1308, stack(0x0000000015f10000,0x0000000016010000)]
=>0x00000000147cd800 JavaThread "C2 CompilerThread0" daemon [_thread_in_native, id=2736, stack(0x0000000015e10000,0x0000000015f10000)]
  0x00000000147cc000 JavaThread "Attach Listener" daemon [_thread_blocked, id=2040, stack(0x0000000015d10000,0x0000000015e10000)]
  0x00000000147cb000 JavaThread "Signal Dispatcher" daemon [_thread_blocked, id=4348, stack(0x0000000015c10000,0x0000000015d10000)]
  0x00000000147ba000 JavaThread "Finalizer" daemon [_thread_blocked, id=1732, stack(0x0000000015a30000,0x0000000015b30000)]
  0x000000000200f000 JavaThread "Reference Handler" daemon [_thread_blocked, id=1276, stack(0x0000000015930000,0x0000000015a30000)]
  0x0000000001f20800 JavaThread "main" [_thread_blocked, id=1332, stack(0x0000000001db0000,0x0000000001eb0000)]

Other Threads:
  0x0000000014797800 VMThread [stack: 0x0000000015830000,0x0000000015930000] [id=808]
  0x000000001612a800 WatcherThread [stack: 0x0000000016610000,0x0000000016710000] [id=5624]

VM state:not at safepoint (normal execution)

VM Mutex/Monitor currently owned by a thread: None

Heap:
 PSYoungGen      total 34304K, used 12193K [0x00000000eab00000, 0x00000000ecf00000, 0x0000000100000000)
  eden space 31744K, 30% used [0x00000000eab00000,0x00000000eb46bf80,0x00000000eca00000)
  from space 2560K, 99% used [0x00000000ecc80000,0x00000000ecefc878,0x00000000ecf00000)
  to   space 2560K, 0% used [0x00000000eca00000,0x00000000eca00000,0x00000000ecc80000)
 ParOldGen       total 42496K, used 4172K [0x00000000c0000000, 0x00000000c2980000, 0x00000000eab00000)
  object space 42496K, 9% used [0x00000000c0000000,0x00000000c04133d0,0x00000000c2980000)
 Metaspace       used 6097K, capacity 6960K, committed 7040K, reserved 1056768K
  class space    used 600K, capacity 616K, committed 640K, reserved 1048576K

Card table byte_map: [0x00000000114c0000,0x00000000116d0000] byte_map_base: 0x0000000010ec0000

Marking Bits: (ParMarkBitMap*) 0x000000006535a6d0
 Begin Bits: [0x0000000011c30000, 0x0000000012c30000)
 End Bits:   [0x0000000012c30000, 0x0000000013c30000)

Polling page: 0x0000000000590000

CodeCache: size=245760Kb used=5736Kb max_used=5736Kb free=240023Kb
 bounds [0x0000000002100000, 0x00000000026b0000, 0x0000000011100000]
 total_blobs=1631 nmethods=1362 adapters=182
 compilation: enabled

Compilation events (10 events):
Event: 3.666 Thread 0x000000001482d800 1362       3       com.android.dx.ssa.back.SsaToRop::verifyValidExitPredecessor (53 bytes)
Event: 3.667 Thread 0x000000001482d800 nmethod 1362 0x0000000002693150 code [0x0000000002693340, 0x0000000002693b58]
Event: 3.671 Thread 0x000000001482d800 1363       2       com.android.dx.ssa.NormalSsaInsn::accept (25 bytes)
Event: 3.672 Thread 0x000000001482d800 nmethod 1363 0x000000000268fc90 code [0x000000000268fe00, 0x000000000268fff8]
Event: 3.673 Thread 0x000000001482d800 1364       2       com.android.dx.ssa.SsaBasicBlock::forEachInsn (37 bytes)
Event: 3.674 Thread 0x000000001482d800 nmethod 1364 0x00000000026928d0 code [0x0000000002692a60, 0x0000000002692dc8]
Event: 3.675 Thread 0x000000001482d800 1365       3       com.android.dx.ssa.SsaRenamer$BlockRenamer::visitNonMoveInsn (14 bytes)
Event: 3.675 Thread 0x000000001482d800 nmethod 1365 0x0000000002692410 code [0x0000000002692580, 0x00000000026927d8]
Event: 3.676 Thread 0x000000001482d800 1367       1       com.android.dx.ssa.back.FirstFitLocalCombiningAllocator$Multiset::getSize (5 bytes)
Event: 3.677 Thread 0x000000001482d800 nmethod 1367 0x0000000002692150 code [0x00000000026922a0, 0x00000000026923b0]

GC Heap History (4 events):
Event: 1.849 GC heap before
{Heap before GC invocations=1 (full 0):
 PSYoungGen      total 18432K, used 15872K [0x00000000eab00000, 0x00000000ebf80000, 0x0000000100000000)
  eden space 15872K, 100% used [0x00000000eab00000,0x00000000eba80000,0x00000000eba80000)
  from space 2560K, 0% used [0x00000000ebd00000,0x00000000ebd00000,0x00000000ebf80000)
  to   space 2560K, 0% used [0x00000000eba80000,0x00000000eba80000,0x00000000ebd00000)
 ParOldGen       total 42496K, used 0K [0x00000000c0000000, 0x00000000c2980000, 0x00000000eab00000)
  object space 42496K, 0% used [0x00000000c0000000,0x00000000c0000000,0x00000000c2980000)
 Metaspace       used 5824K, capacity 6768K, committed 7040K, reserved 1056768K
  class space    used 599K, capacity 616K, committed 640K, reserved 1048576K
Event: 1.947 GC heap after
Heap after GC invocations=1 (full 0):
 PSYoungGen      total 18432K, used 2557K [0x00000000eab00000, 0x00000000ecf00000, 0x0000000100000000)
  eden space 15872K, 0% used [0x00000000eab00000,0x00000000eab00000,0x00000000eba80000)
  from space 2560K, 99% used [0x00000000eba80000,0x00000000ebcff7f0,0x00000000ebd00000)
  to   space 2560K, 0% used [0x00000000ecc80000,0x00000000ecc80000,0x00000000ecf00000)
 ParOldGen       total 42496K, used 1621K [0x00000000c0000000, 0x00000000c2980000, 0x00000000eab00000)
  object space 42496K, 3% used [0x00000000c0000000,0x00000000c01955d8,0x00000000c2980000)
 Metaspace       used 5824K, capacity 6768K, committed 7040K, reserved 1056768K
  class space    used 599K, capacity 616K, committed 640K, reserved 1048576K
}
Event: 3.607 GC heap before
{Heap before GC invocations=2 (full 0):
 PSYoungGen      total 18432K, used 18429K [0x00000000eab00000, 0x00000000ecf00000, 0x0000000100000000)
  eden space 15872K, 100% used [0x00000000eab00000,0x00000000eba80000,0x00000000eba80000)
  from space 2560K, 99% used [0x00000000eba80000,0x00000000ebcff7f0,0x00000000ebd00000)
  to   space 2560K, 0% used [0x00000000ecc80000,0x00000000ecc80000,0x00000000ecf00000)
 ParOldGen       total 42496K, used 1621K [0x00000000c0000000, 0x00000000c2980000, 0x00000000eab00000)
  object space 42496K, 3% used [0x00000000c0000000,0x00000000c01955d8,0x00000000c2980000)
 Metaspace       used 6077K, capacity 6960K, committed 7040K, reserved 1056768K
  class space    used 600K, capacity 616K, committed 640K, reserved 1048576K
Event: 3.619 GC heap after
Heap after GC invocations=2 (full 0):
 PSYoungGen      total 34304K, used 2546K [0x00000000eab00000, 0x00000000ecf00000, 0x0000000100000000)
  eden space 31744K, 0% used [0x00000000eab00000,0x00000000eab00000,0x00000000eca00000)
  from space 2560K, 99% used [0x00000000ecc80000,0x00000000ecefc878,0x00000000ecf00000)
  to   space 2560K, 0% used [0x00000000eca00000,0x00000000eca00000,0x00000000ecc80000)
 ParOldGen       total 42496K, used 4172K [0x00000000c0000000, 0x00000000c2980000, 0x00000000eab00000)
  object space 42496K, 9% used [0x00000000c0000000,0x00000000c04133d0,0x00000000c2980000)
 Metaspace       used 6077K, capacity 6960K, committed 7040K, reserved 1056768K
  class space    used 600K, capacity 616K, committed 640K, reserved 1048576K
}

Deoptimization events (10 events):
Event: 1.986 Thread 0x00000000163a5800 Uncommon trap: reason=class_check action=maybe_recompile pc=0x00000000023fad14 method=com.android.dx.ssa.NormalSsaInsn.accept(Lcom/android/dx/ssa/SsaInsn$Visitor;)V @ 9
Event: 1.986 Thread 0x00000000163a5800 Uncommon trap: reason=class_check action=maybe_recompile pc=0x00000000023fad14 method=com.android.dx.ssa.NormalSsaInsn.accept(Lcom/android/dx/ssa/SsaInsn$Visitor;)V @ 9
Event: 1.986 Thread 0x00000000163a5800 Uncommon trap: reason=class_check action=maybe_recompile pc=0x00000000023fad14 method=com.android.dx.ssa.NormalSsaInsn.accept(Lcom/android/dx/ssa/SsaInsn$Visitor;)V @ 9
Event: 1.987 Thread 0x00000000163a5800 Uncommon trap: reason=class_check action=maybe_recompile pc=0x00000000023c80b0 method=com.android.dx.ssa.NormalSsaInsn.accept(Lcom/android/dx/ssa/SsaInsn$Visitor;)V @ 9
Event: 3.318 Thread 0x00000000163aa800 Uncommon trap: reason=null_check action=make_not_entrant pc=0x00000000024ac4b0 method=com.android.dx.rop.type.Type.equals(Ljava/lang/Object;)Z @ 8
Event: 3.644 Thread 0x00000000163aa000 Uncommon trap: reason=unstable_if action=reinterpret pc=0x0000000002524b80 method=com.android.dx.ssa.SsaRenamer$BlockRenamer.addMapping(ILcom/android/dx/rop/code/RegisterSpec;)V @ 120
Event: 3.671 Thread 0x00000000163aa800 Uncommon trap: reason=null_check action=make_not_entrant pc=0x00000000024e313c method=com.android.dx.ssa.SsaRenamer.getLocalForNewReg(I)Lcom/android/dx/rop/code/LocalItem; @ 19
Event: 3.671 Thread 0x00000000163aa800 Uncommon trap: reason=null_check action=make_not_entrant pc=0x00000000024dd7e8 method=com.android.dx.ssa.SsaRenamer.getLocalForNewReg(I)Lcom/android/dx/rop/code/LocalItem; @ 19
Event: 3.675 Thread 0x0000000001f20800 Uncommon trap: reason=unstable_if action=reinterpret pc=0x000000000264dac8 method=com.android.dx.ssa.SsaRenamer$BlockRenamer.addMapping(ILcom/android/dx/rop/code/RegisterSpec;)V @ 120
Event: 3.677 Thread 0x00000000163a5800 Uncommon trap: reason=unstable_if action=reinterpret pc=0x000000000264c080 method=com.android.dx.ssa.SsaRenamer$BlockRenamer.addMapping(ILcom/android/dx/rop/code/RegisterSpec;)V @ 120

Internal exceptions (5 events):
Event: 0.192 Thread 0x0000000001f20800 Exception <a 'java/lang/NoSuchMethodError': Method sun.misc.Unsafe.defineClass(Ljava/lang/String;[BII)Ljava/lang/Class; name or signature does not match> (0x00000000eab07cc0) thrown at [C:\re\workspace\8-2-build-windows-amd64-cygwin\jdk8u101\7261\hotspot\sažìÐ›‹È?
Event: 0.192 Thread 0x0000000001f20800 Exception <a 'java/lang/NoSuchMethodError': Method sun.misc.Unsafe.prefetchRead(Ljava/lang/Object;J)V name or signature does not match> (0x00000000eab07fa8) thrown at [C:\re\workspace\8-2-build-windows-amd64-cygwin\jdk8u101\7261\hotspot\src\share\vm\prims\Dß€Š
@
Event: 3.318 Thread 0x00000000163aa800 Implicit null exception at 0x00000000024ac3a2 to 0x00000000024ac4a1
Event: 3.671 Thread 0x00000000163aa800 Implicit null exception at 0x00000000024e25ea to 0x00000000024e30f1
Event: 3.671 Thread 0x00000000163aa800 Implicit null exception at 0x00000000024dcf21 to 0x00000000024dd7c5

Events (10 events):
Event: 3.671 Thread 0x00000000163aa800 DEOPT UNPACKING pc=0x000000000214582a sp=0x0000000016c0e928 mode 2
Event: 3.671 Thread 0x00000000163aa800 Uncommon trap: trap_request=0xfffffff4 fr.pc=0x00000000024dd7e8
Event: 3.671 Thread 0x00000000163aa800 DEOPT PACKING pc=0x00000000024dd7e8 sp=0x0000000016c0eab0
Event: 3.671 Thread 0x00000000163aa800 DEOPT UNPACKING pc=0x000000000214582a sp=0x0000000016c0e918 mode 2
Event: 3.675 Thread 0x0000000001f20800 Uncommon trap: trap_request=0xffffff65 fr.pc=0x000000000264dac8
Event: 3.675 Thread 0x0000000001f20800 DEOPT PACKING pc=0x000000000264dac8 sp=0x0000000001eae460
Event: 3.675 Thread 0x0000000001f20800 DEOPT UNPACKING pc=0x000000000214582a sp=0x0000000001eae320 mode 2
Event: 3.677 Thread 0x00000000163a5800 Uncommon trap: trap_request=0xffffff65 fr.pc=0x000000000264c080
Event: 3.677 Thread 0x00000000163a5800 DEOPT PACKING pc=0x000000000264c080 sp=0x000000001680e750
Event: 3.677 Thread 0x00000000163a5800 DEOPT UNPACKING pc=0x000000000214582a sp=0x000000001680e670 mode 2


Dynamic libraries:
0x00007ff612970000 - 0x00007ff6129a7000 	C:\Program Files\Java\jdk1.8.0_101\bin\java.exe
0x00007ffa7e550000 - 0x00007ffa7e6fd000 	C:\Windows\SYSTEM32\ntdll.dll
0x00007ffa7c7e0000 - 0x00007ffa7c91e000 	C:\Windows\system32\KERNEL32.DLL
0x00007ffa7b850000 - 0x00007ffa7b965000 	C:\Windows\system32\KERNELBASE.dll
0x00007ffa7a0a0000 - 0x00007ffa7a12e000 	C:\Windows\system32\apphelp.dll
0x00007ffa74db0000 - 0x00007ffa74e03000 	C:\Windows\AppPatch\AppPatch64\AcGenral.DLL
0x00007ffa7e0b0000 - 0x00007ffa7e15a000 	C:\Windows\system32\msvcrt.dll
0x00007ffa7b9d0000 - 0x00007ffa7b9fe000 	C:\Windows\system32\SspiCli.dll
0x00007ffa7bca0000 - 0x00007ffa7bcf4000 	C:\Windows\system32\SHLWAPI.dll
0x00007ffa7c930000 - 0x00007ffa7caa7000 	C:\Windows\system32\USER32.dll
0x00007ffa7c640000 - 0x00007ffa7c7d4000 	C:\Windows\system32\ole32.dll
0x00007ffa7cab0000 - 0x00007ffa7dfda000 	C:\Windows\system32\SHELL32.dll
0x00007ffa7ace0000 - 0x00007ffa7ad01000 	C:\Windows\SYSTEM32\USERENV.dll
0x00007ffa7c1d0000 - 0x00007ffa7c27a000 	C:\Windows\system32\ADVAPI32.dll
0x00007ffa662b0000 - 0x00007ffa662ce000 	C:\Windows\SYSTEM32\MPR.dll
0x00007ffa7be50000 - 0x00007ffa7bf90000 	C:\Windows\system32\RPCRT4.dll
0x00007ffa7c170000 - 0x00007ffa7c1c9000 	C:\Windows\SYSTEM32\sechost.dll
0x00007ffa7c3b0000 - 0x00007ffa7c5c1000 	C:\Windows\SYSTEM32\combase.dll
0x00007ffa7bd00000 - 0x00007ffa7be4f000 	C:\Windows\system32\GDI32.dll
0x00007ffa7b680000 - 0x00007ffa7b695000 	C:\Windows\SYSTEM32\profapi.dll
0x00007ffa79ce0000 - 0x00007ffa79d92000 	C:\Windows\SYSTEM32\SHCORE.dll
0x00007ffa7dfe0000 - 0x00007ffa7e016000 	C:\Windows\system32\IMM32.DLL
0x00007ffa7e3f0000 - 0x00007ffa7e542000 	C:\Windows\system32\MSCTF.dll
0x00007ffa79350000 - 0x00007ffa795cb000 	C:\Windows\WinSxS\amd64_microsoft.windows.common-controls_6595b64144ccf1df_6.0.9600.18006_none_623f33d3ecbe86e8\COMCTL32.dll
0x00000000645d0000 - 0x00000000646a2000 	C:\Program Files\Java\jdk1.8.0_101\jre\bin\msvcr100.dll
0x0000000064b40000 - 0x00000000653da000 	C:\Program Files\Java\jdk1.8.0_101\jre\bin\server\jvm.dll
0x00007ffa799a0000 - 0x00007ffa799a9000 	C:\Windows\SYSTEM32\WSOCK32.dll
0x00007ffa77710000 - 0x00007ffa77732000 	C:\Windows\SYSTEM32\WINMM.dll
0x00007ffa73190000 - 0x00007ffa7319a000 	C:\Windows\SYSTEM32\VERSION.dll
0x00007ffa7e3e0000 - 0x00007ffa7e3e7000 	C:\Windows\system32\PSAPI.DLL
0x00007ffa7c350000 - 0x00007ffa7c3aa000 	C:\Windows\system32\WS2_32.dll
0x00007ffa775f0000 - 0x00007ffa7761a000 	C:\Windows\SYSTEM32\WINMMBASE.dll
0x00007ffa7c920000 - 0x00007ffa7c929000 	C:\Windows\system32\NSI.dll
0x00007ffa7b800000 - 0x00007ffa7b84f000 	C:\Windows\SYSTEM32\cfgmgr32.dll
0x00007ffa7a300000 - 0x00007ffa7a328000 	C:\Windows\SYSTEM32\DEVOBJ.dll
0x0000000064a50000 - 0x0000000064a5f000 	C:\Program Files\Java\jdk1.8.0_101\jre\bin\verify.dll
0x0000000064a20000 - 0x0000000064a49000 	C:\Program Files\Java\jdk1.8.0_101\jre\bin\java.dll
0x0000000064a00000 - 0x0000000064a16000 	C:\Program Files\Java\jdk1.8.0_101\jre\bin\zip.dll

VM Arguments:
jvm_args: -Djava.awt.headless=true -Xmx1024M -Dfile.encoding=windows-1251 -Duser.country=US -Duser.language=en -Duser.variant 
java_command: com.android.dx.command.Main --dex --force-jumbo --num-threads=4 --output D:\project\MoviesApp\MoviesApp\app\build\intermediates\pre-dexed\debug\com.mikepenz-materialdrawer-5.3.4_7772b18e808241112c40c5551c12fc7acf04e485.jar D:\project\MoviesApp\MoviesApp\app\build\intermediates\exploded-aar\com.mikepenz\materialdrawer\5.3.4\jars\classes.jar
java_class_path (initial): C:\Users\irabokalo\AppData\Local\Android\sdk\build-tools\24.0.0\lib\dx.jar
Launcher Type: SUN_STANDARD

Environment Variables:
PATH=C:\ProgramData\Oracle\Java\javapath;C:\Windows\system32;C:\Windows;C:\Windows\System32\Wbem;C:\Windows\System32\WindowsPowerShell\v1.0\;C:\Program Files\7-Zip;C:\Program Files (x86)\Skype\Phone\;C:\Program Files\Git\cmd
USERNAME=irabokalo
OS=Windows_NT
PROCESSOR_IDENTIFIER=Intel64 Family 6 Model 58 Stepping 9, GenuineIntel



---------------  S Y S T E M  ---------------

OS: Windows 8.1 , 64 bit Build 9600 (6.3.9600.17415)

CPU:total 4 (2 cores per cpu, 2 threads per core) family 6 model 58 stepping 9, cmov, cx8, fxsr, mmx, sse, sse2, sse3, ssse3, sse4.1, sse4.2, popcnt, avx, clmul, erms, ht, tsc, tscinvbit, tscinv

Memory: 4k page, physical 3946720k(676308k free), swap 4151520k(5228k free)

vm_info: Java HotSpot(TM) 64-Bit Server VM (25.101-b13) for windows-amd64 JRE (1.8.0_101-b13), built on Jun 22 2016 01:21:29 by "java_re" with MS VC++ 10.0 (VS2010)

time: Wed Jul 27 17:02:44 2016
elapsed time: 3 seconds (0d 0h 0m 3s)

