#
# There is insufficient memory for the Java Runtime Environment to continue.
# Native memory allocation (malloc) failed to allocate 863296 bytes for Chunk::new
# Possible reasons:
#   The system is out of physical RAM or swap space
#   In 32 bit mode, the process size limit was hit
# Possible solutions:
#   Reduce memory load on the system
#   Increase physical memory or swap space
#   Check if swap backing store is full
#   Use 64 bit Java on a 64 bit OS
#   Decrease Java heap size (-Xmx/-Xms)
#   Decrease number of Java threads
#   Decrease Java thread stack sizes (-Xss)
#   Set larger code cache with -XX:ReservedCodeCacheSize=
# This output file may be truncated or incomplete.
#
#  Out of Memory Error (allocation.cpp:390), pid=4916, tid=0x000000000000115c
#
# JRE version: Java(TM) SE Runtime Environment (8.0_101-b13) (build 1.8.0_101-b13)
# Java VM: Java HotSpot(TM) 64-Bit Server VM (25.101-b13 mixed mode windows-amd64 compressed oops)
# Failed to write core dump. Minidumps are not enabled by default on client versions of Windows
#

---------------  T H R E A D  ---------------

Current thread (0x0000000014c6d800):  JavaThread "C2 CompilerThread0" daemon [_thread_in_native, id=4444, stack(0x00000000162b0000,0x00000000163b0000)]

Stack: [0x00000000162b0000,0x00000000163b0000]
[error occurred during error reporting (printing stack bounds), id 0xc0000005]

Native frames: (J=compiled Java code, j=interpreted, Vv=VM code, C=native code)


Current CompileTask:
C2:  12368 1670       4       com.android.dx.cf.code.Simulator$SimVisitor::visitConstant (332 bytes)


---------------  P R O C E S S  ---------------

Java Threads: ( => current thread )
  0x0000000016848000 JavaThread "pool-1-thread-4" [_thread_blocked, id=3500, stack(0x0000000016fb0000,0x00000000170b0000)]
  0x0000000016847800 JavaThread "pool-1-thread-3" [_thread_in_Java, id=2956, stack(0x0000000016eb0000,0x0000000016fb0000)]
  0x0000000016847000 JavaThread "pool-1-thread-2" [_thread_blocked, id=1292, stack(0x0000000016db0000,0x0000000016eb0000)]
  0x0000000016844000 JavaThread "pool-2-thread-1" [_thread_blocked, id=424, stack(0x0000000016cb0000,0x0000000016db0000)]
  0x0000000016843800 JavaThread "pool-1-thread-1" [_thread_blocked, id=3740, stack(0x0000000016bb0000,0x0000000016cb0000)]
  0x00000000165b3800 JavaThread "Service Thread" daemon [_thread_blocked, id=4496, stack(0x00000000169b0000,0x0000000016ab0000)]
  0x0000000014ccd800 JavaThread "C1 CompilerThread2" daemon [_thread_blocked, id=4184, stack(0x00000000164b0000,0x00000000165b0000)]
  0x0000000014cc7000 JavaThread "C2 CompilerThread1" daemon [_thread_in_native, id=4992, stack(0x00000000163b0000,0x00000000164b0000)]
=>0x0000000014c6d800 JavaThread "C2 CompilerThread0" daemon [_thread_in_native, id=4444, stack(0x00000000162b0000,0x00000000163b0000)]
  0x0000000014c6c000 JavaThread "Attach Listener" daemon [_thread_blocked, id=1192, stack(0x00000000161b0000,0x00000000162b0000)]
  0x0000000014c6b000 JavaThread "Signal Dispatcher" daemon [_thread_blocked, id=3936, stack(0x00000000160b0000,0x00000000161b0000)]
  0x0000000014c5a000 JavaThread "Finalizer" daemon [_thread_blocked, id=4884, stack(0x0000000015ed0000,0x0000000015fd0000)]
  0x000000000258f000 JavaThread "Reference Handler" daemon [_thread_blocked, id=676, stack(0x0000000015dd0000,0x0000000015ed0000)]
  0x00000000024a0800 JavaThread "main" [_thread_in_Java, id=2796, stack(0x00000000022b0000,0x00000000023b0000)]

Other Threads:
  0x0000000014c37800 VMThread [stack: 0x0000000015cd0000,0x0000000015dd0000] [id=1216]
  0x00000000165cb800 WatcherThread [stack: 0x0000000016ab0000,0x0000000016bb0000] [id=3712]

VM state:not at safepoint (normal execution)

VM Mutex/Monitor currently owned by a thread: None

Heap:
 PSYoungGen      total 34304K, used 19121K [0x00000000eab00000, 0x00000000ecf00000, 0x0000000100000000)
  eden space 31744K, 52% used [0x00000000eab00000,0x00000000ebb33e80,0x00000000eca00000)
  from space 2560K, 98% used [0x00000000eca00000,0x00000000ecc78898,0x00000000ecc80000)
  to   space 2560K, 0% used [0x00000000ecc80000,0x00000000ecc80000,0x00000000ecf00000)
 ParOldGen       total 42496K, used 9046K [0x00000000c0000000, 0x00000000c2980000, 0x00000000eab00000)
  object space 42496K, 21% used [0x00000000c0000000,0x00000000c08d5930,0x00000000c2980000)
 Metaspace       used 6318K, capacity 7128K, committed 7424K, reserved 1056768K
  class space    used 624K, capacity 656K, committed 768K, reserved 1048576K

Card table byte_map: [0x0000000011960000,0x0000000011b70000] byte_map_base: 0x0000000011360000

Marking Bits: (ParMarkBitMap*) 0x000000007124a6d0
 Begin Bits: [0x00000000120d0000, 0x00000000130d0000)
 End Bits:   [0x00000000130d0000, 0x00000000140d0000)

Polling page: 0x0000000000ae0000

CodeCache: size=245760Kb used=7527Kb max_used=7527Kb free=238232Kb
 bounds [0x00000000025a0000, 0x0000000002d10000, 0x00000000115a0000]
 total_blobs=1933 nmethods=1664 adapters=182
 compilation: enabled

Compilation events (10 events):
Event: 12.273 Thread 0x0000000014ccd800 1683       1       com.android.dx.rop.cst.CstString::getType (4 bytes)
Event: 12.273 Thread 0x0000000014ccd800 nmethod 1683 0x0000000002cdded0 code [0x0000000002cde020, 0x0000000002cde130]
Event: 12.277 Thread 0x0000000014ccd800 1685       3       com.android.dx.rop.code.RegisterSpec::make (21 bytes)
Event: 12.277 Thread 0x0000000014ccd800 nmethod 1685 0x0000000002cead10 code [0x0000000002ceae80, 0x0000000002ceb0d8]
Event: 12.277 Thread 0x0000000014ccd800 1686       3       com.android.dx.rop.code.Rops::opMarkLocal (69 bytes)
Event: 12.278 Thread 0x0000000014ccd800 nmethod 1686 0x0000000002cf5790 code [0x0000000002cf59c0, 0x0000000002cf6598]
Event: 12.280 Thread 0x0000000014ccd800 1687       3       com.android.dx.rop.code.LocalVariableExtractor::processBlock (327 bytes)
Event: 12.284 Thread 0x0000000014ccd800 nmethod 1687 0x0000000002cf6b10 code [0x0000000002cf6f80, 0x0000000002cfaa18]
Event: 12.286 Thread 0x0000000014ccd800 1688       3       com.android.dx.dex.cf.CfTranslator::translate0 (259 bytes)
Event: 12.290 Thread 0x0000000014ccd800 nmethod 1688 0x0000000002cfce50 code [0x0000000002cfd2c0, 0x0000000002cffef8]

GC Heap History (6 events):
Event: 2.741 GC heap before
{Heap before GC invocations=1 (full 0):
 PSYoungGen      total 18432K, used 15872K [0x00000000eab00000, 0x00000000ebf80000, 0x0000000100000000)
  eden space 15872K, 100% used [0x00000000eab00000,0x00000000eba80000,0x00000000eba80000)
  from space 2560K, 0% used [0x00000000ebd00000,0x00000000ebd00000,0x00000000ebf80000)
  to   space 2560K, 0% used [0x00000000eba80000,0x00000000eba80000,0x00000000ebd00000)
 ParOldGen       total 42496K, used 0K [0x00000000c0000000, 0x00000000c2980000, 0x00000000eab00000)
  object space 42496K, 0% used [0x00000000c0000000,0x00000000c0000000,0x00000000c2980000)
 Metaspace       used 5752K, capacity 6704K, committed 6784K, reserved 1056768K
  class space    used 599K, capacity 616K, committed 640K, reserved 1048576K
Event: 2.986 GC heap after
Heap after GC invocations=1 (full 0):
 PSYoungGen      total 18432K, used 2547K [0x00000000eab00000, 0x00000000ecf00000, 0x0000000100000000)
  eden space 15872K, 0% used [0x00000000eab00000,0x00000000eab00000,0x00000000eba80000)
  from space 2560K, 99% used [0x00000000eba80000,0x00000000ebcfce70,0x00000000ebd00000)
  to   space 2560K, 0% used [0x00000000ecc80000,0x00000000ecc80000,0x00000000ecf00000)
 ParOldGen       total 42496K, used 1678K [0x00000000c0000000, 0x00000000c2980000, 0x00000000eab00000)
  object space 42496K, 3% used [0x00000000c0000000,0x00000000c01a3ae8,0x00000000c2980000)
 Metaspace       used 5752K, capacity 6704K, committed 6784K, reserved 1056768K
  class space    used 599K, capacity 616K, committed 640K, reserved 1048576K
}
Event: 6.674 GC heap before
{Heap before GC invocations=2 (full 0):
 PSYoungGen      total 18432K, used 18419K [0x00000000eab00000, 0x00000000ecf00000, 0x0000000100000000)
  eden space 15872K, 100% used [0x00000000eab00000,0x00000000eba80000,0x00000000eba80000)
  from space 2560K, 99% used [0x00000000eba80000,0x00000000ebcfce70,0x00000000ebd00000)
  to   space 2560K, 0% used [0x00000000ecc80000,0x00000000ecc80000,0x00000000ecf00000)
 ParOldGen       total 42496K, used 1678K [0x00000000c0000000, 0x00000000c2980000, 0x00000000eab00000)
  object space 42496K, 3% used [0x00000000c0000000,0x00000000c01a3ae8,0x00000000c2980000)
 Metaspace       used 6122K, capacity 7024K, committed 7296K, reserved 1056768K
  class space    used 600K, capacity 616K, committed 640K, reserved 1048576K
Event: 7.871 GC heap after
Heap after GC invocations=2 (full 0):
 PSYoungGen      total 34304K, used 2554K [0x00000000eab00000, 0x00000000ecf00000, 0x0000000100000000)
  eden space 31744K, 0% used [0x00000000eab00000,0x00000000eab00000,0x00000000eca00000)
  from space 2560K, 99% used [0x00000000ecc80000,0x00000000ecefeb78,0x00000000ecf00000)
  to   space 2560K, 0% used [0x00000000eca00000,0x00000000eca00000,0x00000000ecc80000)
 ParOldGen       total 42496K, used 4305K [0x00000000c0000000, 0x00000000c2980000, 0x00000000eab00000)
  object space 42496K, 10% used [0x00000000c0000000,0x00000000c0434640,0x00000000c2980000)
 Metaspace       used 6122K, capacity 7024K, committed 7296K, reserved 1056768K
  class space    used 600K, capacity 616K, committed 640K, reserved 1048576K
}
Event: 10.678 GC heap before
{Heap before GC invocations=3 (full 0):
 PSYoungGen      total 34304K, used 34298K [0x00000000eab00000, 0x00000000ecf00000, 0x0000000100000000)
  eden space 31744K, 100% used [0x00000000eab00000,0x00000000eca00000,0x00000000eca00000)
  from space 2560K, 99% used [0x00000000ecc80000,0x00000000ecefeb78,0x00000000ecf00000)
  to   space 2560K, 0% used [0x00000000eca00000,0x00000000eca00000,0x00000000ecc80000)
 ParOldGen       total 42496K, used 4305K [0x00000000c0000000, 0x00000000c2980000, 0x00000000eab00000)
  object space 42496K, 10% used [0x00000000c0000000,0x00000000c0434640,0x00000000c2980000)
 Metaspace       used 6274K, capacity 7128K, committed 7424K, reserved 1056768K
  class space    used 623K, capacity 656K, committed 768K, reserved 1048576K
Event: 11.751 GC heap after
Heap after GC invocations=3 (full 0):
 PSYoungGen      total 34304K, used 2530K [0x00000000eab00000, 0x00000000ecf00000, 0x0000000100000000)
  eden space 31744K, 0% used [0x00000000eab00000,0x00000000eab00000,0x00000000eca00000)
  from space 2560K, 98% used [0x00000000eca00000,0x00000000ecc78898,0x00000000ecc80000)
  to   space 2560K, 0% used [0x00000000ecc80000,0x00000000ecc80000,0x00000000ecf00000)
 ParOldGen       total 42496K, used 9046K [0x00000000c0000000, 0x00000000c2980000, 0x00000000eab00000)
  object space 42496K, 21% used [0x00000000c0000000,0x00000000c08d5930,0x00000000c2980000)
 Metaspace       used 6274K, capacity 7128K, committed 7424K, reserved 1056768K
  class space    used 623K, capacity 656K, committed 768K, reserved 1048576K
}

Deoptimization events (10 events):
Event: 9.640 Thread 0x0000000016843800 Uncommon trap: reason=class_check action=maybe_recompile pc=0x00000000029f07ac method=com.android.dx.rop.type.Type.equals(Ljava/lang/Object;)Z @ 8
Event: 9.640 Thread 0x0000000016843800 Uncommon trap: reason=bimorphic action=maybe_recompile pc=0x0000000002b4b6a8 method=com.android.dx.ssa.LiteralOpUpgrader.tryReplacingWithConstant(Lcom/android/dx/ssa/NormalSsaInsn;)Z @ 52
Event: 9.642 Thread 0x0000000016843800 Uncommon trap: reason=unstable_if action=reinterpret pc=0x0000000002ba848c method=java.util.HashMap.resize()[Ljava/util/HashMap$Node; @ 206
Event: 12.122 Thread 0x00000000024a0800 Uncommon trap: reason=bimorphic action=maybe_recompile pc=0x0000000002a7b594 method=com.android.dx.cf.code.BytecodeArray.parseInstruction(ILcom/android/dx/cf/code/BytecodeArray$Visitor;)I @ 923
Event: 12.122 Thread 0x00000000024a0800 Uncommon trap: reason=bimorphic action=maybe_recompile pc=0x0000000002a7b514 method=com.android.dx.cf.code.BytecodeArray.parseInstruction(ILcom/android/dx/cf/code/BytecodeArray$Visitor;)I @ 907
Event: 12.122 Thread 0x00000000024a0800 Uncommon trap: reason=bimorphic action=maybe_recompile pc=0x0000000002a7bb90 method=com.android.dx.cf.code.BytecodeArray.parseInstruction(ILcom/android/dx/cf/code/BytecodeArray$Visitor;)I @ 1224
Event: 12.123 Thread 0x00000000024a0800 Uncommon trap: reason=bimorphic action=maybe_recompile pc=0x0000000002a7b594 method=com.android.dx.cf.code.BytecodeArray.parseInstruction(ILcom/android/dx/cf/code/BytecodeArray$Visitor;)I @ 923
Event: 12.142 Thread 0x00000000024a0800 Uncommon trap: reason=bimorphic action=maybe_recompile pc=0x0000000002b4b6a8 method=com.android.dx.ssa.LiteralOpUpgrader.tryReplacingWithConstant(Lcom/android/dx/ssa/NormalSsaInsn;)Z @ 52
Event: 12.142 Thread 0x00000000024a0800 Uncommon trap: reason=class_check action=maybe_recompile pc=0x00000000029f07ac method=com.android.dx.rop.type.Type.equals(Ljava/lang/Object;)Z @ 8
Event: 12.275 Thread 0x0000000016848000 Uncommon trap: reason=unstable_if action=reinterpret pc=0x0000000002cb3bf4 method=com.android.dx.rop.code.LocalVariableInfo.mergeStarts(ILcom/android/dx/rop/code/RegisterSpecSet;)Z @ 31

Internal exceptions (8 events):
Event: 0.299 Thread 0x00000000024a0800 Exception <a 'java/lang/NoSuchMethodError': Method sun.misc.Unsafe.defineClass(Ljava/lang/String;[BII)Ljava/lang/Class; name or signature does not match> (0x00000000eab07cc0) thrown at [C:\re\workspace\8-2-build-windows-amd64-cygwin\jdk8u101\7261\hotspot\sí ‡5ó&”?
Event: 0.299 Thread 0x00000000024a0800 Exception <a 'java/lang/NoSuchMethodError': Method sun.misc.Unsafe.prefetchRead(Ljava/lang/Object;J)V name or signature does not match> (0x00000000eab07fa8) thrown at [C:\re\workspace\8-2-build-windows-amd64-cygwin\jdk8u101\7261\hotspot\src\share\vm\prims\îmjR@o @
Event: 8.217 Thread 0x0000000016847800 Implicit null exception at 0x0000000002936f22 to 0x0000000002937021
Event: 8.737 Thread 0x0000000016848000 Exception <a 'java/lang/ArrayIndexOutOfBoundsException': 18> (0x00000000eb937298) thrown at [C:\re\workspace\8-2-build-windows-amd64-cygwin\jdk8u101\7261\hotspot\src\share\vm\interpreter\interpreterRuntime.cpp, line 366]
Event: 8.737 Thread 0x0000000016848000 Exception <a 'java/lang/ArrayIndexOutOfBoundsException'> (0x00000000eb938e18) thrown at [C:\re\workspace\8-2-build-windows-amd64-cygwin\jdk8u101\7261\hotspot\src\share\vm\runtime\sharedRuntime.cpp, line 605]
Event: 8.738 Thread 0x0000000016848000 Exception <a 'java/lang/ArrayIndexOutOfBoundsException'> (0x00000000eb93a100) thrown at [C:\re\workspace\8-2-build-windows-amd64-cygwin\jdk8u101\7261\hotspot\src\share\vm\runtime\sharedRuntime.cpp, line 605]
Event: 9.417 Thread 0x0000000016847000 Implicit null exception at 0x00000000029bd363 to 0x00000000029bf13d
Event: 9.417 Thread 0x0000000016847000 Implicit null exception at 0x00000000029ae689 to 0x00000000029b0301

Events (10 events):
Event: 12.123 Thread 0x00000000024a0800 DEOPT UNPACKING pc=0x00000000025e582a sp=0x00000000023ae298 mode 2
Event: 12.142 Thread 0x00000000024a0800 Uncommon trap: trap_request=0xffffffc6 fr.pc=0x0000000002b4b6a8
Event: 12.142 Thread 0x00000000024a0800 DEOPT PACKING pc=0x0000000002b4b6a8 sp=0x00000000023ae600
Event: 12.142 Thread 0x00000000024a0800 DEOPT UNPACKING pc=0x00000000025e582a sp=0x00000000023ae4e8 mode 2
Event: 12.142 Thread 0x00000000024a0800 Uncommon trap: trap_request=0xffffffde fr.pc=0x00000000029f07ac
Event: 12.142 Thread 0x00000000024a0800 DEOPT PACKING pc=0x00000000029f07ac sp=0x00000000023ae430
Event: 12.142 Thread 0x00000000024a0800 DEOPT UNPACKING pc=0x00000000025e582a sp=0x00000000023ae290 mode 2
Event: 12.275 Thread 0x0000000016848000 Uncommon trap: trap_request=0xffffff65 fr.pc=0x0000000002cb3bf4
Event: 12.275 Thread 0x0000000016848000 DEOPT PACKING pc=0x0000000002cb3bf4 sp=0x00000000170aece0
Event: 12.275 Thread 0x0000000016848000 DEOPT UNPACKING pc=0x00000000025e582a sp=0x00000000170aec40 mode 2


Dynamic libraries:
0x00007ff734640000 - 0x00007ff734677000 	C:\Program Files\Java\jdk1.8.0_101\bin\java.exe
0x00007ffe3c110000 - 0x00007ffe3c2bd000 	C:\Windows\SYSTEM32\ntdll.dll
0x00007ffe399b0000 - 0x00007ffe39aee000 	C:\Windows\system32\KERNEL32.DLL
0x00007ffe39680000 - 0x00007ffe39795000 	C:\Windows\system32\KERNELBASE.dll
0x00007ffe37c60000 - 0x00007ffe37cee000 	C:\Windows\system32\apphelp.dll
0x00007ffe23f00000 - 0x00007ffe23f53000 	C:\Windows\AppPatch\AppPatch64\AcGenral.DLL
0x00007ffe3be60000 - 0x00007ffe3bf0a000 	C:\Windows\system32\msvcrt.dll
0x00007ffe393c0000 - 0x00007ffe393ee000 	C:\Windows\system32\SspiCli.dll
0x00007ffe3bdf0000 - 0x00007ffe3be44000 	C:\Windows\system32\SHLWAPI.dll
0x00007ffe3a3e0000 - 0x00007ffe3a557000 	C:\Windows\system32\USER32.dll
0x00007ffe39af0000 - 0x00007ffe39c84000 	C:\Windows\system32\ole32.dll
0x00007ffe3a570000 - 0x00007ffe3ba9a000 	C:\Windows\system32\SHELL32.dll
0x00007ffe38a90000 - 0x00007ffe38ab1000 	C:\Windows\SYSTEM32\USERENV.dll
0x00007ffe3a330000 - 0x00007ffe3a3da000 	C:\Windows\system32\ADVAPI32.dll
0x00007ffe27920000 - 0x00007ffe2793e000 	C:\Windows\SYSTEM32\MPR.dll
0x00007ffe3bf60000 - 0x00007ffe3c0a0000 	C:\Windows\system32\RPCRT4.dll
0x00007ffe3bb60000 - 0x00007ffe3bbb9000 	C:\Windows\SYSTEM32\sechost.dll
0x00007ffe39ff0000 - 0x00007ffe3a201000 	C:\Windows\SYSTEM32\combase.dll
0x00007ffe39c90000 - 0x00007ffe39ddf000 	C:\Windows\system32\GDI32.dll
0x00007ffe39240000 - 0x00007ffe39255000 	C:\Windows\SYSTEM32\profapi.dll
0x00007ffe37610000 - 0x00007ffe376c2000 	C:\Windows\SYSTEM32\SHCORE.dll
0x00007ffe3bf20000 - 0x00007ffe3bf56000 	C:\Windows\system32\IMM32.DLL
0x00007ffe3bc90000 - 0x00007ffe3bde2000 	C:\Windows\system32\MSCTF.dll
0x00007ffe36bd0000 - 0x00007ffe36e4b000 	C:\Windows\WinSxS\amd64_microsoft.windows.common-controls_6595b64144ccf1df_6.0.9600.18006_none_623f33d3ecbe86e8\COMCTL32.dll
0x00000000704c0000 - 0x0000000070592000 	C:\Program Files\Java\jdk1.8.0_101\jre\bin\msvcr100.dll
0x0000000070a30000 - 0x00000000712ca000 	C:\Program Files\Java\jdk1.8.0_101\jre\bin\server\jvm.dll
0x00007ffe34c20000 - 0x00007ffe34c29000 	C:\Windows\SYSTEM32\WSOCK32.dll
0x00007ffe229d0000 - 0x00007ffe229f2000 	C:\Windows\SYSTEM32\WINMM.dll
0x00007ffe30c10000 - 0x00007ffe30c1a000 	C:\Windows\SYSTEM32\VERSION.dll
0x00007ffe3bf10000 - 0x00007ffe3bf17000 	C:\Windows\system32\PSAPI.DLL
0x00007ffe3a2d0000 - 0x00007ffe3a32a000 	C:\Windows\system32\WS2_32.dll
0x00007ffe229a0000 - 0x00007ffe229ca000 	C:\Windows\SYSTEM32\WINMMBASE.dll
0x00007ffe3be50000 - 0x00007ffe3be59000 	C:\Windows\system32\NSI.dll
0x00007ffe395d0000 - 0x00007ffe3961f000 	C:\Windows\SYSTEM32\cfgmgr32.dll
0x00007ffe37ee0000 - 0x00007ffe37f08000 	C:\Windows\SYSTEM32\DEVOBJ.dll
0x0000000070940000 - 0x000000007094f000 	C:\Program Files\Java\jdk1.8.0_101\jre\bin\verify.dll
0x0000000070910000 - 0x0000000070939000 	C:\Program Files\Java\jdk1.8.0_101\jre\bin\java.dll
0x00000000708f0000 - 0x0000000070906000 	C:\Program Files\Java\jdk1.8.0_101\jre\bin\zip.dll

VM Arguments:
jvm_args: -Djava.awt.headless=true -Xmx1024M -Dfile.encoding=windows-1251 -Duser.country=US -Duser.language=en -Duser.variant 
java_command: com.android.dx.command.Main --dex --num-threads=4 --output D:\project\MoviesApp\MoviesApp\app\build\intermediates\pre-dexed\debug\com.mikepenz-materialdrawer-5.3.4_7772b18e808241112c40c5551c12fc7acf04e485.jar D:\project\MoviesApp\MoviesApp\app\build\intermediates\exploded-aar\com.mikepenz\materialdrawer\5.3.4\jars\classes.jar
java_class_path (initial): C:\Users\irabokalo\AppData\Local\Android\sdk\build-tools\24.0.0\lib\dx.jar
Launcher Type: SUN_STANDARD

Environment Variables:
PATH=C:\ProgramData\Oracle\Java\javapath;C:\Windows\system32;C:\Windows;C:\Windows\System32\Wbem;C:\Windows\System32\WindowsPowerShell\v1.0\;C:\Program Files\7-Zip;C:\Program Files (x86)\Skype\Phone\;C:\Program Files\Git\cmd
USERNAME=irabokalo
OS=Windows_NT
PROCESSOR_IDENTIFIER=Intel64 Family 6 Model 58 Stepping 9, GenuineIntel



---------------  S Y S T E M  ---------------

OS: Windows 8.1 , 64 bit Build 9600 (6.3.9600.17415)

CPU:total 4 (2 cores per cpu, 2 threads per core) family 6 model 58 stepping 9, cmov, cx8, fxsr, mmx, sse, sse2, sse3, ssse3, sse4.1, sse4.2, popcnt, avx, clmul, erms, ht, tsc, tscinvbit, tscinv

Memory: 4k page, physical 3946720k(595920k free), swap 4151520k(5284k free)

vm_info: Java HotSpot(TM) 64-Bit Server VM (25.101-b13) for windows-amd64 JRE (1.8.0_101-b13), built on Jun 22 2016 01:21:29 by "java_re" with MS VC++ 10.0 (VS2010)

time: Fri Jul 29 13:52:57 2016
elapsed time: 12 seconds (0d 0h 0m 12s)

