#
# A fatal error has been detected by the Java Runtime Environment:
#
#  EXCEPTION_STACK_OVERFLOW (0xc00000fd) at pc=0x0000000070c43987, pid=5004, tid=0x0000000000001340
#
# JRE version: Java(TM) SE Runtime Environment (8.0_101-b13) (build 1.8.0_101-b13)
# Java VM: Java HotSpot(TM) 64-Bit Server VM (25.101-b13 mixed mode windows-amd64 compressed oops)
# Problematic frame:
# V  [jvm.dll+0x213987]
#
# Failed to write core dump. Minidumps are not enabled by default on client versions of Windows
#
# If you would like to submit a bug report, please visit:
#   http://bugreport.java.com/bugreport/crash.jsp
#

---------------  T H R E A D  ---------------

Current thread (0x000000001611c800):  JavaThread "pool-1-thread-1" [_thread_in_vm, id=4928, stack(0x00000000164a0000,0x00000000165a0000)]

siginfo: ExceptionCode=0xc00000fd, ExceptionInformation=0x0000000000000001 0x0000000016599140 

Registers:
RAX=0x0000000016599140, RBX=0x0000000000000007, RCX=0x0000000000006000, RDX=0x0000000000000006
RSP=0x000000001659f140, RBP=0x0000000000000000, RSI=0x000000001659f140, RDI=0x0000000000000007
R8 =0x0000000000000006, R9 =0x0000000016114b40, R10=0x0000000013bdd4b0, R11=0x00000000164aa148
R12=0x0000000016114b40, R13=0x000000001611c800, R14=0x000000001659f208, R15=0x0000000013bdd4b0
RIP=0x0000000070c43987, EFLAGS=0x0000000000010202

Top of Stack: (sp=0x000000001659f140)
0x000000001659f140:   0000000015ebd900 0000000070514e7e
0x000000001659f150:   000000001611c800 0000000016114b40
0x000000001659f160:   00000000ffffffff 0000000070c448b7
0x000000001659f170:   000000001659f270 0000000013bdd4b0
0x000000001659f180:   000000001611c800 0000000070af04e3
0x000000001659f190:   000000001659f1d0 000000001611c800
0x000000001659f1a0:   000000001659f260 000000001611c800
0x000000001659f1b0:   0000000013bdd4b0 000000001611c800
0x000000001659f1c0:   0000000001e73200 000000001611c800
0x000000001659f1d0:   0000000013bdd4b0 000000001611c800
0x000000001659f1e0:   0000000013bdd4b0 000000001611c800
0x000000001659f1f0:   0000000000000001 0000000013bdd4b0
0x000000001659f200:   000000001611c800 0000000015ebb440
0x000000001659f210:   000000001611c800 0000000070af19cd
0x000000001659f220:   000000001659f528 00000001000069a0
0x000000001659f230:   00000001000069a0 0000000000000000 

Instructions: (pc=0x0000000070c43987)
0x0000000070c43967:   48 89 6c 24 30 33 ed 66 90 e8 cb 37 08 00 ff c3
0x0000000070c43977:   48 63 c8 48 8b c6 48 0f af cf 48 ff c7 48 2b c1
0x0000000070c43987:   89 28 48 63 c3 48 3b 05 3d 0d 59 00 7e db 48 8b
0x0000000070c43997:   6c 24 30 48 8b 5c 24 38 48 8b 74 24 40 48 83 c4 


Register to memory mapping:

RAX=0x0000000016599140 is pointing into the stack for thread: 0x000000001611c800
RBX=0x0000000000000007 is an unknown value
RCX=0x0000000000006000 is an unknown value
RDX=0x0000000000000006 is an unknown value
RSP=0x000000001659f140 is pointing into the stack for thread: 0x000000001611c800
RBP=0x0000000000000000 is an unknown value
RSI=0x000000001659f140 is pointing into the stack for thread: 0x000000001611c800
RDI=0x0000000000000007 is an unknown value
R8 =0x0000000000000006 is an unknown value
R9 =0x0000000016114b40 is an unknown value
R10={method} {0x0000000013bdd4b8} 'run' '()V' in 'java/lang/Thread'
R11=0x00000000164aa148 is pointing into the stack for thread: 0x000000001611c800
R12=0x0000000016114b40 is an unknown value
R13=0x000000001611c800 is a thread
R14=0x000000001659f208 is pointing into the stack for thread: 0x000000001611c800
R15={method} {0x0000000013bdd4b8} 'run' '()V' in 'java/lang/Thread'


Stack: [0x00000000164a0000,0x00000000165a0000],  sp=0x000000001659f140,  free space=1020k
Native frames: (J=compiled Java code, j=interpreted, Vv=VM code, C=native code)


---------------  P R O C E S S  ---------------

Java Threads: ( => current thread )
  0x0000000016154800 JavaThread "pool-1-thread-4" [_thread_in_vm, id=1508, stack(0x00000000168a0000,0x00000000169a0000)]
  0x0000000016150800 JavaThread "pool-1-thread-3" [_thread_in_vm, id=4220, stack(0x00000000167a0000,0x00000000168a0000)]
  0x0000000016150000 JavaThread "pool-1-thread-2" [_thread_in_vm, id=1996, stack(0x00000000166a0000,0x00000000167a0000)]
  0x000000001614d000 JavaThread "pool-2-thread-1" [_thread_blocked, id=4520, stack(0x00000000165a0000,0x00000000166a0000)]
=>0x000000001611c800 JavaThread "pool-1-thread-1" [_thread_in_vm, id=4928, stack(0x00000000164a0000,0x00000000165a0000)]
  0x0000000015ea4800 JavaThread "Service Thread" daemon [_thread_blocked, id=2828, stack(0x00000000162a0000,0x00000000163a0000)]
  0x00000000145aa000 JavaThread "C1 CompilerThread2" daemon [_thread_blocked, id=1432, stack(0x0000000015da0000,0x0000000015ea0000)]
  0x00000000145a7800 JavaThread "C2 CompilerThread1" daemon [_thread_blocked, id=4356, stack(0x0000000015ca0000,0x0000000015da0000)]
  0x000000001454d800 JavaThread "C2 CompilerThread0" daemon [_thread_blocked, id=1320, stack(0x0000000015ba0000,0x0000000015ca0000)]
  0x000000001454c000 JavaThread "Attach Listener" daemon [_thread_blocked, id=4244, stack(0x0000000015aa0000,0x0000000015ba0000)]
  0x000000001454b000 JavaThread "Signal Dispatcher" daemon [_thread_blocked, id=4192, stack(0x00000000159a0000,0x0000000015aa0000)]
  0x000000001453a800 JavaThread "Finalizer" daemon [_thread_blocked, id=3216, stack(0x00000000157a0000,0x00000000158a0000)]
  0x0000000014518800 JavaThread "Reference Handler" daemon [_thread_blocked, id=1808, stack(0x00000000156a0000,0x00000000157a0000)]
  0x0000000001d60800 JavaThread "main" [_thread_blocked, id=3392, stack(0x0000000001c60000,0x0000000001d60000)]

Other Threads:
  0x0000000014516800 VMThread [stack: 0x00000000155a0000,0x00000000156a0000] [id=1616]
  0x0000000015eba800 WatcherThread [stack: 0x00000000163a0000,0x00000000164a0000] [id=688]

VM state:synchronizing (normal execution)

VM Mutex/Monitor currently owned by a thread:  ([mutex/lock_event])
[0x000000000044bda0] Threads_lock - owner thread: 0x0000000014516800
[0x000000000044c7a0] Heap_lock - owner thread: 0x0000000001d60800

Heap:
 PSYoungGen      total 18432K, used 8900K [0x00000000eab00000, 0x00000000ebf80000, 0x0000000100000000)
  eden space 15872K, 56% used [0x00000000eab00000,0x00000000eb3b1010,0x00000000eba80000)
  from space 2560K, 0% used [0x00000000ebd00000,0x00000000ebd00000,0x00000000ebf80000)
  to   space 2560K, 0% used [0x00000000eba80000,0x00000000eba80000,0x00000000ebd00000)
 ParOldGen       total 42496K, used 0K [0x00000000c0000000, 0x00000000c2980000, 0x00000000eab00000)
  object space 42496K, 0% used [0x00000000c0000000,0x00000000c0000000,0x00000000c2980000)
 Metaspace       used 4542K, capacity 5584K, committed 5760K, reserved 1058816K
  class space    used 499K, capacity 520K, committed 640K, reserved 1048576K

Card table byte_map: [0x0000000011220000,0x0000000011430000] byte_map_base: 0x0000000010c20000

Marking Bits: (ParMarkBitMap*) 0x000000007124a6d0
 Begin Bits: [0x0000000011990000, 0x0000000012990000)
 End Bits:   [0x0000000012990000, 0x0000000013990000)

Polling page: 0x00000000004d0000

CodeCache: size=245760Kb used=1888Kb max_used=1888Kb free=243871Kb
 bounds [0x0000000001e60000, 0x00000000020d0000, 0x0000000010e60000]
 total_blobs=577 nmethods=316 adapters=174
 compilation: enabled

Compilation events (10 events):
Event: 2.498 Thread 0x00000000145aa000  287       3       com.android.dx.cf.iface.StdAttributeList::get (9 bytes)
Event: 2.498 Thread 0x00000000145aa000 nmethod 287 0x0000000002021150 code [0x00000000020212c0, 0x00000000020215c8]
Event: 2.498 Thread 0x00000000145aa000  288       1       com.android.dx.rop.cst.CstType::getClassType (5 bytes)
Event: 2.498 Thread 0x00000000145aa000 nmethod 288 0x0000000002021690 code [0x00000000020217e0, 0x00000000020218f0]
Event: 2.504 Thread 0x00000000145aa000  289   !   3       java.lang.ref.Finalizer::add (41 bytes)
Event: 2.505 Thread 0x00000000145aa000 nmethod 289 0x0000000002021950 code [0x0000000002021ac0, 0x0000000002021e70]
Event: 2.513 Thread 0x00000000145a7800  290       4       java.lang.String::compareTo (78 bytes)
Event: 2.517 Thread 0x00000000145a7800 nmethod 290 0x0000000002025290 code [0x00000000020253e0, 0x0000000002025578]
Event: 2.520 Thread 0x00000000145aa000  292       3       sun.misc.URLClassPath::getResource (83 bytes)
Event: 2.521 Thread 0x00000000145aa000 nmethod 292 0x0000000002024b90 code [0x0000000002024d20, 0x00000000020250e8]

GC Heap History (0 events):
No events

Deoptimization events (0 events):
No events

Internal exceptions (2 events):
Event: 0.764 Thread 0x0000000001d60800 Exception <a 'java/lang/NoSuchMethodError': Method sun.misc.Unsafe.defineClass(Ljava/lang/String;[BII)Ljava/lang/Class; name or signature does not match> (0x00000000eab07cc0) thrown at [C:\re\workspace\8-2-build-windows-amd64-cygwin\jdk8u101\7261\hotspot\s&¸ÓêrË?
Event: 0.764 Thread 0x0000000001d60800 Exception <a 'java/lang/NoSuchMethodError': Method sun.misc.Unsafe.prefetchRead(Ljava/lang/Object;J)V name or signature does not match> (0x00000000eab07fa8) thrown at [C:\re\workspace\8-2-build-windows-amd64-cygwin\jdk8u101\7261\hotspot\src\share\vm\prims\

Events (10 events):
Event: 2.515 loading class com/android/dx/cf/code/Ropper
Event: 2.515 loading class com/android/dx/cf/code/Ropper done
Event: 2.517 loading class com/android/dx/cf/code/Machine
Event: 2.517 loading class com/android/dx/cf/code/Machine done
Event: 2.518 loading class com/android/dx/rop/code/Insn
Event: 2.518 loading class com/android/dx/rop/code/Insn done
Event: 2.520 loading class com/android/dx/rop/code/ThrowingInsn
Event: 2.520 loading class com/android/dx/rop/code/ThrowingInsn done
Event: 2.521 Executing VM operation: CollectForMetadataAllocation
Event: 2.622 Executing VM operation: CollectForMetadataAllocation done


Dynamic libraries:
0x00007ff734640000 - 0x00007ff734677000 	C:\Program Files\Java\jdk1.8.0_101\bin\java.exe
0x00007ffe3c110000 - 0x00007ffe3c2bd000 	C:\Windows\SYSTEM32\ntdll.dll
0x00007ffe399b0000 - 0x00007ffe39aee000 	C:\Windows\system32\KERNEL32.DLL
0x00007ffe39680000 - 0x00007ffe39795000 	C:\Windows\system32\KERNELBASE.dll
0x00007ffe37c60000 - 0x00007ffe37cee000 	C:\Windows\system32\apphelp.dll
0x00007ffe23f00000 - 0x00007ffe23f53000 	C:\Windows\AppPatch\AppPatch64\AcGenral.DLL
0x00007ffe3be60000 - 0x00007ffe3bf0a000 	C:\Windows\system32\msvcrt.dll
0x00007ffe393c0000 - 0x00007ffe393ee000 	C:\Windows\system32\SspiCli.dll
0x00007ffe3bdf0000 - 0x00007ffe3be44000 	C:\Windows\system32\SHLWAPI.dll
0x00007ffe3a3e0000 - 0x00007ffe3a557000 	C:\Windows\system32\USER32.dll
0x00007ffe39af0000 - 0x00007ffe39c84000 	C:\Windows\system32\ole32.dll
0x00007ffe3a570000 - 0x00007ffe3ba9a000 	C:\Windows\system32\SHELL32.dll
0x00007ffe38a90000 - 0x00007ffe38ab1000 	C:\Windows\SYSTEM32\USERENV.dll
0x00007ffe3a330000 - 0x00007ffe3a3da000 	C:\Windows\system32\ADVAPI32.dll
0x00007ffe27920000 - 0x00007ffe2793e000 	C:\Windows\SYSTEM32\MPR.dll
0x00007ffe3bf60000 - 0x00007ffe3c0a0000 	C:\Windows\system32\RPCRT4.dll
0x00007ffe3bb60000 - 0x00007ffe3bbb9000 	C:\Windows\SYSTEM32\sechost.dll
0x00007ffe39ff0000 - 0x00007ffe3a201000 	C:\Windows\SYSTEM32\combase.dll
0x00007ffe39c90000 - 0x00007ffe39ddf000 	C:\Windows\system32\GDI32.dll
0x00007ffe39240000 - 0x00007ffe39255000 	C:\Windows\SYSTEM32\profapi.dll
0x00007ffe37610000 - 0x00007ffe376c2000 	C:\Windows\SYSTEM32\SHCORE.dll
0x00007ffe3bf20000 - 0x00007ffe3bf56000 	C:\Windows\system32\IMM32.DLL
0x00007ffe3bc90000 - 0x00007ffe3bde2000 	C:\Windows\system32\MSCTF.dll
0x00007ffe36bd0000 - 0x00007ffe36e4b000 	C:\Windows\WinSxS\amd64_microsoft.windows.common-controls_6595b64144ccf1df_6.0.9600.18006_none_623f33d3ecbe86e8\COMCTL32.dll
0x00000000704c0000 - 0x0000000070592000 	C:\Program Files\Java\jdk1.8.0_101\jre\bin\msvcr100.dll
0x0000000070a30000 - 0x00000000712ca000 	C:\Program Files\Java\jdk1.8.0_101\jre\bin\server\jvm.dll
0x00007ffe34c20000 - 0x00007ffe34c29000 	C:\Windows\SYSTEM32\WSOCK32.dll
0x00007ffe229d0000 - 0x00007ffe229f2000 	C:\Windows\SYSTEM32\WINMM.dll
0x00007ffe30c10000 - 0x00007ffe30c1a000 	C:\Windows\SYSTEM32\VERSION.dll
0x00007ffe3bf10000 - 0x00007ffe3bf17000 	C:\Windows\system32\PSAPI.DLL
0x00007ffe3a2d0000 - 0x00007ffe3a32a000 	C:\Windows\system32\WS2_32.dll
0x00007ffe229a0000 - 0x00007ffe229ca000 	C:\Windows\SYSTEM32\WINMMBASE.dll
0x00007ffe3be50000 - 0x00007ffe3be59000 	C:\Windows\system32\NSI.dll
0x00007ffe395d0000 - 0x00007ffe3961f000 	C:\Windows\SYSTEM32\cfgmgr32.dll
0x00007ffe37ee0000 - 0x00007ffe37f08000 	C:\Windows\SYSTEM32\DEVOBJ.dll
0x0000000070940000 - 0x000000007094f000 	C:\Program Files\Java\jdk1.8.0_101\jre\bin\verify.dll
0x0000000070910000 - 0x0000000070939000 	C:\Program Files\Java\jdk1.8.0_101\jre\bin\java.dll
0x00000000708f0000 - 0x0000000070906000 	C:\Program Files\Java\jdk1.8.0_101\jre\bin\zip.dll

VM Arguments:
jvm_args: -Djava.awt.headless=true -Xmx1024M -Dfile.encoding=windows-1251 -Duser.country=US -Duser.language=en -Duser.variant 
java_command: com.android.dx.command.Main --dex --force-jumbo --num-threads=4 --output D:\project\MoviesApp\MoviesApp\app\build\intermediates\pre-dexed\debug\okhttp-3.3.0_8d54f76dd4be6bfeda68621b9b2946a9fe018532.jar C:\Users\irabokalo\.gradle\caches\modules-2\files-2.1\com.squareup.okhttp3\okhttp\3.3.0\2b802460eea20f8f2ad9c08c74e0f14718e88aa9\okhttp-3.3.0.jar
java_class_path (initial): C:\Users\irabokalo\AppData\Local\Android\sdk\build-tools\24.0.0\lib\dx.jar
Launcher Type: SUN_STANDARD

Environment Variables:
PATH=C:\ProgramData\Oracle\Java\javapath;C:\Windows\system32;C:\Windows;C:\Windows\System32\Wbem;C:\Windows\System32\WindowsPowerShell\v1.0\;C:\Program Files\7-Zip;C:\Program Files (x86)\Skype\Phone\;C:\Program Files\Git\cmd
USERNAME=irabokalo
OS=Windows_NT
PROCESSOR_IDENTIFIER=Intel64 Family 6 Model 58 Stepping 9, GenuineIntel



---------------  S Y S T E M  ---------------

OS: Windows 8.1 , 64 bit Build 9600 (6.3.9600.17415)

CPU:total 4 (2 cores per cpu, 2 threads per core) family 6 model 58 stepping 9, cmov, cx8, fxsr, mmx, sse, sse2, sse3, ssse3, sse4.1, sse4.2, popcnt, avx, clmul, erms, ht, tsc, tscinvbit, tscinv

Memory: 4k page, physical 3946720k(582992k free), swap 4151520k(5032k free)

vm_info: Java HotSpot(TM) 64-Bit Server VM (25.101-b13) for windows-amd64 JRE (1.8.0_101-b13), built on Jun 22 2016 01:21:29 by "java_re" with MS VC++ 10.0 (VS2010)

time: Fri Jul 29 13:42:33 2016
elapsed time: 2 seconds (0d 0h 0m 2s)

