#
# There is insufficient memory for the Java Runtime Environment to continue.
# Native memory allocation (malloc) failed to allocate 225392 bytes for Chunk::new
# Possible reasons:
#   The system is out of physical RAM or swap space
#   In 32 bit mode, the process size limit was hit
# Possible solutions:
#   Reduce memory load on the system
#   Increase physical memory or swap space
#   Check if swap backing store is full
#   Use 64 bit Java on a 64 bit OS
#   Decrease Java heap size (-Xmx/-Xms)
#   Decrease number of Java threads
#   Decrease Java thread stack sizes (-Xss)
#   Set larger code cache with -XX:ReservedCodeCacheSize=
# This output file may be truncated or incomplete.
#
#  Out of Memory Error (allocation.cpp:390), pid=5048, tid=0x000000000000103c
#
# JRE version: Java(TM) SE Runtime Environment (8.0_101-b13) (build 1.8.0_101-b13)
# Java VM: Java HotSpot(TM) 64-Bit Server VM (25.101-b13 mixed mode windows-amd64 compressed oops)
# Failed to write core dump. Minidumps are not enabled by default on client versions of Windows
#

---------------  T H R E A D  ---------------

Current thread (0x000000001550d800):  JavaThread "C2 CompilerThread0" daemon [_thread_in_native, id=4156, stack(0x0000000016a70000,0x0000000016b70000)]

Stack: [0x0000000016a70000,0x0000000016b70000]
[error occurred during error reporting (printing stack bounds), id 0xc0000005]

Native frames: (J=compiled Java code, j=interpreted, Vv=VM code, C=native code)


Current CompileTask:
C2:   3726 1191   !   4       com.android.dx.cf.code.BytecodeArray::parseInstruction (2764 bytes)


---------------  P R O C E S S  ---------------

Java Threads: ( => current thread )
  0x0000000016f37000 JavaThread "pool-1-thread-4" [_thread_in_vm, id=3672, stack(0x0000000017770000,0x0000000017870000)]
  0x0000000016f18000 JavaThread "pool-2-thread-1" [_thread_blocked, id=4948, stack(0x0000000017470000,0x0000000017570000)]
  0x0000000016d74800 JavaThread "Service Thread" daemon [_thread_blocked, id=4336, stack(0x0000000017170000,0x0000000017270000)]
  0x000000001556a000 JavaThread "C1 CompilerThread2" daemon [_thread_in_native, id=4892, stack(0x0000000016c70000,0x0000000016d70000)]
  0x0000000015567800 JavaThread "C2 CompilerThread1" daemon [_thread_in_native, id=4112, stack(0x0000000016b70000,0x0000000016c70000)]
=>0x000000001550d800 JavaThread "C2 CompilerThread0" daemon [_thread_in_native, id=4156, stack(0x0000000016a70000,0x0000000016b70000)]
  0x000000001550c000 JavaThread "Attach Listener" daemon [_thread_blocked, id=4644, stack(0x0000000016970000,0x0000000016a70000)]
  0x000000001550b000 JavaThread "Signal Dispatcher" daemon [_thread_blocked, id=5112, stack(0x0000000016870000,0x0000000016970000)]
  0x00000000154fa000 JavaThread "Finalizer" daemon [_thread_blocked, id=3180, stack(0x0000000016770000,0x0000000016870000)]
  0x0000000002e2f000 JavaThread "Reference Handler" daemon [_thread_blocked, id=1516, stack(0x0000000016670000,0x0000000016770000)]
  0x0000000002d40800 JavaThread "main" [_thread_blocked, id=3700, stack(0x0000000002c40000,0x0000000002d40000)]

Other Threads:
  0x00000000154d7800 VMThread [stack: 0x0000000016570000,0x0000000016670000] [id=4208]
  0x0000000016d79800 WatcherThread [stack: 0x0000000017270000,0x0000000017370000] [id=3488]

VM state:not at safepoint (normal execution)

VM Mutex/Monitor currently owned by a thread: None

Heap:
 PSYoungGen      total 18432K, used 17679K [0x00000000eab00000, 0x00000000ebf80000, 0x0000000100000000)
  eden space 15872K, 95% used [0x00000000eab00000,0x00000000eb9c6118,0x00000000eba80000)
  from space 2560K, 99% used [0x00000000eba80000,0x00000000ebcfdc78,0x00000000ebd00000)
  to   space 2560K, 0% used [0x00000000ebd00000,0x00000000ebd00000,0x00000000ebf80000)
 ParOldGen       total 42496K, used 1708K [0x00000000c0000000, 0x00000000c2980000, 0x00000000eab00000)
  object space 42496K, 4% used [0x00000000c0000000,0x00000000c01ab220,0x00000000c2980000)
 Metaspace       used 6042K, capacity 6966K, committed 7040K, reserved 1056768K
  class space    used 606K, capacity 622K, committed 640K, reserved 1048576K

Card table byte_map: [0x0000000012200000,0x0000000012410000] byte_map_base: 0x0000000011c00000

Marking Bits: (ParMarkBitMap*) 0x000000007124a6d0
 Begin Bits: [0x0000000012970000, 0x0000000013970000)
 End Bits:   [0x0000000013970000, 0x0000000014970000)

Polling page: 0x0000000001270000

CodeCache: size=245760Kb used=4979Kb max_used=4991Kb free=240780Kb
 bounds [0x0000000002e40000, 0x0000000003330000, 0x0000000011e40000]
 total_blobs=1462 nmethods=1192 adapters=182
 compilation: enabled

Compilation events (10 events):
Event: 3.622 Thread 0x000000001556a000 1192       3       com.android.dx.cf.code.OneLocalsArray::getMaxLocals (6 bytes)
Event: 3.622 Thread 0x000000001556a000 nmethod 1192 0x00000000033113d0 code [0x0000000003311520, 0x0000000003311670]
Event: 3.622 Thread 0x000000001556a000 1196       3       java.lang.Character::forDigit (42 bytes)
Event: 3.622 Thread 0x000000001556a000 nmethod 1196 0x0000000003313c90 code [0x0000000003313e00, 0x00000000033140b0]
Event: 3.622 Thread 0x000000001556a000 1187       1       com.android.dx.ssa.PhiInsn::getOpcode (2 bytes)
Event: 3.622 Thread 0x000000001556a000 nmethod 1187 0x00000000032eaa90 code [0x00000000032eabe0, 0x00000000032eacf0]
Event: 3.639 Thread 0x000000001550d800 nmethod 1188% 0x0000000003322510 code [0x00000000033226c0, 0x0000000003323098]
Event: 3.639 Thread 0x000000001550d800 1189       4       com.android.dx.rop.code.BasicBlockList::set (12 bytes)
Event: 3.653 Thread 0x000000001550d800 nmethod 1189 0x0000000003323bd0 code [0x0000000003323d40, 0x0000000003324328]
Event: 3.653 Thread 0x000000001550d800 1191   !   4       com.android.dx.cf.code.BytecodeArray::parseInstruction (2764 bytes)

GC Heap History (2 events):
Event: 2.340 GC heap before
{Heap before GC invocations=1 (full 0):
 PSYoungGen      total 18432K, used 15872K [0x00000000eab00000, 0x00000000ebf80000, 0x0000000100000000)
  eden space 15872K, 100% used [0x00000000eab00000,0x00000000eba80000,0x00000000eba80000)
  from space 2560K, 0% used [0x00000000ebd00000,0x00000000ebd00000,0x00000000ebf80000)
  to   space 2560K, 0% used [0x00000000eba80000,0x00000000eba80000,0x00000000ebd00000)
 ParOldGen       total 42496K, used 0K [0x00000000c0000000, 0x00000000c2980000, 0x00000000eab00000)
  object space 42496K, 0% used [0x00000000c0000000,0x00000000c0000000,0x00000000c2980000)
 Metaspace       used 5832K, capacity 6772K, committed 7040K, reserved 1056768K
  class space    used 602K, capacity 620K, committed 640K, reserved 1048576K
Event: 2.356 GC heap after
Heap after GC invocations=1 (full 0):
 PSYoungGen      total 18432K, used 2551K [0x00000000eab00000, 0x00000000ebf80000, 0x0000000100000000)
  eden space 15872K, 0% used [0x00000000eab00000,0x00000000eab00000,0x00000000eba80000)
  from space 2560K, 99% used [0x00000000eba80000,0x00000000ebcfdc78,0x00000000ebd00000)
  to   space 2560K, 0% used [0x00000000ebd00000,0x00000000ebd00000,0x00000000ebf80000)
 ParOldGen       total 42496K, used 1708K [0x00000000c0000000, 0x00000000c2980000, 0x00000000eab00000)
  object space 42496K, 4% used [0x00000000c0000000,0x00000000c01ab220,0x00000000c2980000)
 Metaspace       used 5832K, capacity 6772K, committed 7040K, reserved 1056768K
  class space    used 602K, capacity 620K, committed 640K, reserved 1048576K
}

Deoptimization events (5 events):
Event: 2.115 Thread 0x0000000016f37000 Uncommon trap: reason=unstable_if action=reinterpret pc=0x000000000304abdc method=java.util.HashMap.getNode(ILjava/lang/Object;)Ljava/util/HashMap$Node; @ 129
Event: 2.244 Thread 0x0000000002d40800 Uncommon trap: reason=unstable_if action=reinterpret pc=0x0000000002fde508 method=java.lang.String.<init>([CII)V @ 18
Event: 2.245 Thread 0x0000000002d40800 Uncommon trap: reason=unstable_if action=reinterpret pc=0x000000000301ee78 method=java.lang.String.<init>([CII)V @ 18
Event: 2.367 Thread 0x0000000016f37000 Uncommon trap: reason=null_check action=make_not_entrant pc=0x00000000031a4b2c method=com.android.dx.ssa.SsaRenamer.getLocalForNewReg(I)Lcom/android/dx/rop/code/LocalItem; @ 19
Event: 3.604 Thread 0x0000000016f1e000 Uncommon trap: reason=unstable_if action=reinterpret pc=0x00000000030cc234 method=java.util.BitSet.ensureCapacity(I)V @ 6

Internal exceptions (3 events):
Event: 0.221 Thread 0x0000000002d40800 Exception <a 'java/lang/NoSuchMethodError': Method sun.misc.Unsafe.defineClass(Ljava/lang/String;[BII)Ljava/lang/Class; name or signature does not match> (0x00000000eab07cc0) thrown at [C:\re\workspace\8-2-build-windows-amd64-cygwin\jdk8u101\7261\hotspot\s}∑_’ DÃ?
Event: 0.221 Thread 0x0000000002d40800 Exception <a 'java/lang/NoSuchMethodError': Method sun.misc.Unsafe.prefetchRead(Ljava/lang/Object;J)V name or signature does not match> (0x00000000eab07fa8) thrown at [C:\re\workspace\8-2-build-windows-amd64-cygwin\jdk8u101\7261\hotspot\src\share\vm\prims\˚Ô‚·aÔ@
Event: 2.367 Thread 0x0000000016f37000 Implicit null exception at 0x00000000031a2ad7 to 0x00000000031a4ae9

Events (10 events):
Event: 2.412 loading class java/util/HashMap$KeySet
Event: 2.413 loading class java/util/HashMap$KeySet done
Event: 2.413 loading class java/util/HashMap$KeyIterator
Event: 2.413 loading class java/util/HashMap$KeyIterator done
Event: 2.633 Thread 0x0000000016f15800 Thread exited: 0x0000000016f15800
Event: 3.570 Thread 0x0000000016f1d800 Thread exited: 0x0000000016f1d800
Event: 3.604 Thread 0x0000000016f1e000 Uncommon trap: trap_request=0xffffff65 fr.pc=0x00000000030cc234
Event: 3.604 Thread 0x0000000016f1e000 DEOPT PACKING pc=0x00000000030cc234 sp=0x000000001776ec60
Event: 3.604 Thread 0x0000000016f1e000 DEOPT UNPACKING pc=0x0000000002e8582a sp=0x000000001776eb38 mode 2
Event: 3.614 Thread 0x0000000016f1e000 Thread exited: 0x0000000016f1e000


Dynamic libraries:
0x00007ff734640000 - 0x00007ff734677000 	C:\Program Files\Java\jdk1.8.0_101\bin\java.exe
0x00007ffe3c110000 - 0x00007ffe3c2bd000 	C:\Windows\SYSTEM32\ntdll.dll
0x00007ffe399b0000 - 0x00007ffe39aee000 	C:\Windows\system32\KERNEL32.DLL
0x00007ffe39680000 - 0x00007ffe39795000 	C:\Windows\system32\KERNELBASE.dll
0x00007ffe37c60000 - 0x00007ffe37cee000 	C:\Windows\system32\apphelp.dll
0x00007ffe23f00000 - 0x00007ffe23f53000 	C:\Windows\AppPatch\AppPatch64\AcGenral.DLL
0x00007ffe3be60000 - 0x00007ffe3bf0a000 	C:\Windows\system32\msvcrt.dll
0x00007ffe393c0000 - 0x00007ffe393ee000 	C:\Windows\system32\SspiCli.dll
0x00007ffe3bdf0000 - 0x00007ffe3be44000 	C:\Windows\system32\SHLWAPI.dll
0x00007ffe3a3e0000 - 0x00007ffe3a557000 	C:\Windows\system32\USER32.dll
0x00007ffe39af0000 - 0x00007ffe39c84000 	C:\Windows\system32\ole32.dll
0x00007ffe3a570000 - 0x00007ffe3ba9a000 	C:\Windows\system32\SHELL32.dll
0x00007ffe38a90000 - 0x00007ffe38ab1000 	C:\Windows\SYSTEM32\USERENV.dll
0x00007ffe3a330000 - 0x00007ffe3a3da000 	C:\Windows\system32\ADVAPI32.dll
0x00007ffe27920000 - 0x00007ffe2793e000 	C:\Windows\SYSTEM32\MPR.dll
0x00007ffe3bf60000 - 0x00007ffe3c0a0000 	C:\Windows\system32\RPCRT4.dll
0x00007ffe3bb60000 - 0x00007ffe3bbb9000 	C:\Windows\SYSTEM32\sechost.dll
0x00007ffe39ff0000 - 0x00007ffe3a201000 	C:\Windows\SYSTEM32\combase.dll
0x00007ffe39c90000 - 0x00007ffe39ddf000 	C:\Windows\system32\GDI32.dll
0x00007ffe39240000 - 0x00007ffe39255000 	C:\Windows\SYSTEM32\profapi.dll
0x00007ffe37610000 - 0x00007ffe376c2000 	C:\Windows\SYSTEM32\SHCORE.dll
0x00007ffe3bf20000 - 0x00007ffe3bf56000 	C:\Windows\system32\IMM32.DLL
0x00007ffe3bc90000 - 0x00007ffe3bde2000 	C:\Windows\system32\MSCTF.dll
0x00007ffe36bd0000 - 0x00007ffe36e4b000 	C:\Windows\WinSxS\amd64_microsoft.windows.common-controls_6595b64144ccf1df_6.0.9600.18006_none_623f33d3ecbe86e8\COMCTL32.dll
0x00000000704c0000 - 0x0000000070592000 	C:\Program Files\Java\jdk1.8.0_101\jre\bin\msvcr100.dll
0x0000000070a30000 - 0x00000000712ca000 	C:\Program Files\Java\jdk1.8.0_101\jre\bin\server\jvm.dll
0x00007ffe34c20000 - 0x00007ffe34c29000 	C:\Windows\SYSTEM32\WSOCK32.dll
0x00007ffe229d0000 - 0x00007ffe229f2000 	C:\Windows\SYSTEM32\WINMM.dll
0x00007ffe30c10000 - 0x00007ffe30c1a000 	C:\Windows\SYSTEM32\VERSION.dll
0x00007ffe3bf10000 - 0x00007ffe3bf17000 	C:\Windows\system32\PSAPI.DLL
0x00007ffe3a2d0000 - 0x00007ffe3a32a000 	C:\Windows\system32\WS2_32.dll
0x00007ffe229a0000 - 0x00007ffe229ca000 	C:\Windows\SYSTEM32\WINMMBASE.dll
0x00007ffe3be50000 - 0x00007ffe3be59000 	C:\Windows\system32\NSI.dll
0x00007ffe395d0000 - 0x00007ffe3961f000 	C:\Windows\SYSTEM32\cfgmgr32.dll
0x00007ffe37ee0000 - 0x00007ffe37f08000 	C:\Windows\SYSTEM32\DEVOBJ.dll
0x0000000070940000 - 0x000000007094f000 	C:\Program Files\Java\jdk1.8.0_101\jre\bin\verify.dll
0x0000000070910000 - 0x0000000070939000 	C:\Program Files\Java\jdk1.8.0_101\jre\bin\java.dll
0x00000000708f0000 - 0x0000000070906000 	C:\Program Files\Java\jdk1.8.0_101\jre\bin\zip.dll

VM Arguments:
jvm_args: -Djava.awt.headless=true -Xmx1024M -Dfile.encoding=windows-1251 -Duser.country=US -Duser.language=en -Duser.variant 
java_command: com.android.dx.command.Main --dex --num-threads=4 --output D:\project\MoviesApp\MoviesApp\app\build\intermediates\pre-dexed\debug\com.mikepenz-iconics-core-2.6.6_d43702a87278736cefe2294ed31a9b17dbf1ca3b.jar D:\project\MoviesApp\MoviesApp\app\build\intermediates\exploded-aar\com.mikepenz\iconics-core\2.6.6\jars\classes.jar
java_class_path (initial): C:\Users\irabokalo\AppData\Local\Android\sdk\build-tools\24.0.0\lib\dx.jar
Launcher Type: SUN_STANDARD

Environment Variables:
PATH=C:\ProgramData\Oracle\Java\javapath;C:\Windows\system32;C:\Windows;C:\Windows\System32\Wbem;C:\Windows\System32\WindowsPowerShell\v1.0\;C:\Program Files\7-Zip;C:\Program Files (x86)\Skype\Phone\;C:\Program Files\Git\cmd
USERNAME=irabokalo
OS=Windows_NT
PROCESSOR_IDENTIFIER=Intel64 Family 6 Model 58 Stepping 9, GenuineIntel



---------------  S Y S T E M  ---------------

OS: Windows 8.1 , 64 bit Build 9600 (6.3.9600.17415)

CPU:total 4 (2 cores per cpu, 2 threads per core) family 6 model 58 stepping 9, cmov, cx8, fxsr, mmx, sse, sse2, sse3, ssse3, sse4.1, sse4.2, popcnt, avx, clmul, erms, ht, tsc, tscinvbit, tscinv

Memory: 4k page, physical 3946720k(485852k free), swap 4151520k(5140k free)

vm_info: Java HotSpot(TM) 64-Bit Server VM (25.101-b13) for windows-amd64 JRE (1.8.0_101-b13), built on Jun 22 2016 01:21:29 by "java_re" with MS VC++ 10.0 (VS2010)

time: Fri Jul 29 13:48:43 2016
elapsed time: 3 seconds (0d 0h 0m 3s)

