#
# There is insufficient memory for the Java Runtime Environment to continue.
# Native memory allocation (malloc) failed to allocate 52016 bytes for Chunk::new
# Possible reasons:
#   The system is out of physical RAM or swap space
#   In 32 bit mode, the process size limit was hit
# Possible solutions:
#   Reduce memory load on the system
#   Increase physical memory or swap space
#   Check if swap backing store is full
#   Use 64 bit Java on a 64 bit OS
#   Decrease Java heap size (-Xmx/-Xms)
#   Decrease number of Java threads
#   Decrease Java thread stack sizes (-Xss)
#   Set larger code cache with -XX:ReservedCodeCacheSize=
# This output file may be truncated or incomplete.
#
#  Out of Memory Error (allocation.cpp:390), pid=4704, tid=0x0000000000000ff8
#
# JRE version: Java(TM) SE Runtime Environment (8.0_101-b13) (build 1.8.0_101-b13)
# Java VM: Java HotSpot(TM) 64-Bit Server VM (25.101-b13 mixed mode windows-amd64 compressed oops)
# Failed to write core dump. Minidumps are not enabled by default on client versions of Windows
#

---------------  T H R E A D  ---------------

Current thread (0x00000000152f7800):  JavaThread "C2 CompilerThread1" daemon [_thread_in_native, id=4088, stack(0x00000000169e0000,0x0000000016ae0000)]

Stack: [0x00000000169e0000,0x0000000016ae0000]
[error occurred during error reporting (printing stack bounds), id 0xc0000005]

Native frames: (J=compiled Java code, j=interpreted, Vv=VM code, C=native code)


Current CompileTask:
C2:   1715  507       4       java.util.HashMap::getNode (148 bytes)


---------------  P R O C E S S  ---------------

Java Threads: ( => current thread )
  0x0000000016e46000 JavaThread "pool-1-thread-4" [_thread_blocked, id=2896, stack(0x00000000175e0000,0x00000000176e0000)]
  0x0000000016e45800 JavaThread "pool-1-thread-3" [_thread_in_Java, id=3236, stack(0x00000000174e0000,0x00000000175e0000)]
  0x0000000016e44800 JavaThread "pool-1-thread-2" [_thread_in_Java, id=3196, stack(0x00000000173e0000,0x00000000174e0000)]
  0x0000000016e41000 JavaThread "pool-2-thread-1" [_thread_blocked, id=852, stack(0x00000000172e0000,0x00000000173e0000)]
  0x0000000016e6a800 JavaThread "pool-1-thread-1" [_thread_blocked, id=2180, stack(0x00000000171e0000,0x00000000172e0000)]
  0x0000000016be4800 JavaThread "Service Thread" daemon [_thread_blocked, id=2256, stack(0x0000000016fe0000,0x00000000170e0000)]
  0x00000000152fd800 JavaThread "C1 CompilerThread2" daemon [_thread_in_native, id=4136, stack(0x0000000016ae0000,0x0000000016be0000)]
=>0x00000000152f7800 JavaThread "C2 CompilerThread1" daemon [_thread_in_native, id=4088, stack(0x00000000169e0000,0x0000000016ae0000)]
  0x000000001529d800 JavaThread "C2 CompilerThread0" daemon [_thread_in_native, id=3760, stack(0x00000000168e0000,0x00000000169e0000)]
  0x000000001529c000 JavaThread "Attach Listener" daemon [_thread_blocked, id=4244, stack(0x00000000167e0000,0x00000000168e0000)]
  0x000000001529b000 JavaThread "Signal Dispatcher" daemon [_thread_blocked, id=4748, stack(0x00000000166e0000,0x00000000167e0000)]
  0x000000001528a000 JavaThread "Finalizer" daemon [_thread_blocked, id=2332, stack(0x0000000016500000,0x0000000016600000)]
  0x0000000002bbf000 JavaThread "Reference Handler" daemon [_thread_blocked, id=2520, stack(0x0000000016400000,0x0000000016500000)]
  0x0000000002ad0800 JavaThread "main" [_thread_in_Java, id=3792, stack(0x0000000002930000,0x0000000002a30000)]

Other Threads:
  0x0000000015267800 VMThread [stack: 0x0000000016300000,0x0000000016400000] [id=2228]
  0x0000000016bfa800 WatcherThread [stack: 0x00000000170e0000,0x00000000171e0000] [id=4472]

VM state:not at safepoint (normal execution)

VM Mutex/Monitor currently owned by a thread: None

Heap:
 PSYoungGen      total 18432K, used 5097K [0x00000000eab00000, 0x00000000ecf00000, 0x0000000100000000)
  eden space 15872K, 16% used [0x00000000eab00000,0x00000000ead7b530,0x00000000eba80000)
  from space 2560K, 99% used [0x00000000eba80000,0x00000000ebcff138,0x00000000ebd00000)
  to   space 2560K, 0% used [0x00000000ecc80000,0x00000000ecc80000,0x00000000ecf00000)
 ParOldGen       total 42496K, used 618K [0x00000000c0000000, 0x00000000c2980000, 0x00000000eab00000)
  object space 42496K, 1% used [0x00000000c0000000,0x00000000c009abd0,0x00000000c2980000)
 Metaspace       used 5547K, capacity 6512K, committed 6784K, reserved 1056768K
  class space    used 594K, capacity 616K, committed 640K, reserved 1048576K

Card table byte_map: [0x0000000011f90000,0x00000000121a0000] byte_map_base: 0x0000000011990000

Marking Bits: (ParMarkBitMap*) 0x000000007124a6d0
 Begin Bits: [0x0000000012700000, 0x0000000013700000)
 End Bits:   [0x0000000013700000, 0x0000000014700000)

Polling page: 0x00000000028b0000

CodeCache: size=245760Kb used=2091Kb max_used=2103Kb free=243668Kb
 bounds [0x0000000002bd0000, 0x0000000002e40000, 0x0000000011bd0000]
 total_blobs=765 nmethods=496 adapters=182
 compilation: enabled

Compilation events (10 events):
Event: 1.701 Thread 0x00000000152fd800  456   !   3       com.android.dx.cf.code.BytecodeArray::parseInstruction (2764 bytes)
Event: 1.704 Thread 0x000000001529d800  506       4       java.lang.String::compareTo (78 bytes)
Event: 1.704 Thread 0x00000000152f7800 nmethod 501 0x0000000002dddc10 code [0x0000000002dddd60, 0x0000000002ddde78]
Event: 1.704 Thread 0x00000000152f7800  507       4       java.util.HashMap::getNode (148 bytes)
Event: 1.708 Thread 0x000000001529d800 nmethod 506 0x0000000002dd0c90 code [0x0000000002dd0de0, 0x0000000002dd0f78]
Event: 1.708 Thread 0x000000001529d800  503       4       java.util.BitSet::nextSetBit (102 bytes)
Event: 1.711 Thread 0x000000001529d800 nmethod 503 0x0000000002dd08d0 code [0x0000000002dd0a20, 0x0000000002dd0b58]
Event: 1.711 Thread 0x000000001529d800  539   !   4       com.android.dx.util.IntList::get (36 bytes)
Event: 1.712 Thread 0x000000001529d800 nmethod 539 0x0000000002dd0610 code [0x0000000002dd0740, 0x0000000002dd07f8]
Event: 1.712 Thread 0x000000001529d800  540       4       java.util.ArrayList::add (29 bytes)

GC Heap History (2 events):
Event: 1.572 GC heap before
{Heap before GC invocations=1 (full 0):
 PSYoungGen      total 18432K, used 15872K [0x00000000eab00000, 0x00000000ebf80000, 0x0000000100000000)
  eden space 15872K, 100% used [0x00000000eab00000,0x00000000eba80000,0x00000000eba80000)
  from space 2560K, 0% used [0x00000000ebd00000,0x00000000ebd00000,0x00000000ebf80000)
  to   space 2560K, 0% used [0x00000000eba80000,0x00000000eba80000,0x00000000ebd00000)
 ParOldGen       total 42496K, used 0K [0x00000000c0000000, 0x00000000c2980000, 0x00000000eab00000)
  object space 42496K, 0% used [0x00000000c0000000,0x00000000c0000000,0x00000000c2980000)
 Metaspace       used 5424K, capacity 6384K, committed 6528K, reserved 1056768K
  class space    used 593K, capacity 616K, committed 640K, reserved 1048576K
Event: 1.642 GC heap after
Heap after GC invocations=1 (full 0):
 PSYoungGen      total 18432K, used 2556K [0x00000000eab00000, 0x00000000ecf00000, 0x0000000100000000)
  eden space 15872K, 0% used [0x00000000eab00000,0x00000000eab00000,0x00000000eba80000)
  from space 2560K, 99% used [0x00000000eba80000,0x00000000ebcff138,0x00000000ebd00000)
  to   space 2560K, 0% used [0x00000000ecc80000,0x00000000ecc80000,0x00000000ecf00000)
 ParOldGen       total 42496K, used 618K [0x00000000c0000000, 0x00000000c2980000, 0x00000000eab00000)
  object space 42496K, 1% used [0x00000000c0000000,0x00000000c009abd0,0x00000000c2980000)
 Metaspace       used 5424K, capacity 6384K, committed 6528K, reserved 1056768K
  class space    used 593K, capacity 616K, committed 640K, reserved 1048576K
}

Deoptimization events (1 events):
Event: 0.851 Thread 0x0000000002ad0800 Uncommon trap: reason=unstable_if action=reinterpret pc=0x0000000002d26594 method=java.lang.String.compareTo(Ljava/lang/String;)I @ 38

Internal exceptions (2 events):
Event: 0.099 Thread 0x0000000002ad0800 Exception <a 'java/lang/NoSuchMethodError': Method sun.misc.Unsafe.defineClass(Ljava/lang/String;[BII)Ljava/lang/Class; name or signature does not match> (0x00000000eab07cc0) thrown at [C:\re\workspace\8-2-build-windows-amd64-cygwin\jdk8u101\7261\hotspot\s€á©?¹?
Event: 0.099 Thread 0x0000000002ad0800 Exception <a 'java/lang/NoSuchMethodError': Method sun.misc.Unsafe.prefetchRead(Ljava/lang/Object;J)V name or signature does not match> (0x00000000eab07fa8) thrown at [C:\re\workspace\8-2-build-windows-amd64-cygwin\jdk8u101\7261\hotspot\src\share\vm\prims\

Events (10 events):
Event: 1.521 loading class java/util/HashMap$ValueIterator
Event: 1.521 loading class java/util/HashMap$ValueIterator done
Event: 1.525 loading class com/android/dx/cf/code/BytecodeArray$ConstantParserVisitor
Event: 1.525 loading class com/android/dx/cf/code/BytecodeArray$ConstantParserVisitor done
Event: 1.525 Executing VM operation: ParallelGCFailedAllocation
Event: 1.642 Executing VM operation: ParallelGCFailedAllocation done
Event: 1.649 loading class com/android/dx/ssa/PhiInsn$Operand
Event: 1.649 loading class com/android/dx/ssa/PhiInsn$Operand done
Event: 1.660 loading class com/android/dx/ssa/back/FirstFitLocalCombiningAllocator$Multiset
Event: 1.660 loading class com/android/dx/ssa/back/FirstFitLocalCombiningAllocator$Multiset done


Dynamic libraries:
0x00007ff734640000 - 0x00007ff734677000 	C:\Program Files\Java\jdk1.8.0_101\bin\java.exe
0x00007ffe3c110000 - 0x00007ffe3c2bd000 	C:\Windows\SYSTEM32\ntdll.dll
0x00007ffe399b0000 - 0x00007ffe39aee000 	C:\Windows\system32\KERNEL32.DLL
0x00007ffe39680000 - 0x00007ffe39795000 	C:\Windows\system32\KERNELBASE.dll
0x00007ffe37c60000 - 0x00007ffe37cee000 	C:\Windows\system32\apphelp.dll
0x00007ffe23f00000 - 0x00007ffe23f53000 	C:\Windows\AppPatch\AppPatch64\AcGenral.DLL
0x00007ffe3be60000 - 0x00007ffe3bf0a000 	C:\Windows\system32\msvcrt.dll
0x00007ffe393c0000 - 0x00007ffe393ee000 	C:\Windows\system32\SspiCli.dll
0x00007ffe3bdf0000 - 0x00007ffe3be44000 	C:\Windows\system32\SHLWAPI.dll
0x00007ffe3a3e0000 - 0x00007ffe3a557000 	C:\Windows\system32\USER32.dll
0x00007ffe39af0000 - 0x00007ffe39c84000 	C:\Windows\system32\ole32.dll
0x00007ffe3a570000 - 0x00007ffe3ba9a000 	C:\Windows\system32\SHELL32.dll
0x00007ffe38a90000 - 0x00007ffe38ab1000 	C:\Windows\SYSTEM32\USERENV.dll
0x00007ffe3a330000 - 0x00007ffe3a3da000 	C:\Windows\system32\ADVAPI32.dll
0x00007ffe27920000 - 0x00007ffe2793e000 	C:\Windows\SYSTEM32\MPR.dll
0x00007ffe3bf60000 - 0x00007ffe3c0a0000 	C:\Windows\system32\RPCRT4.dll
0x00007ffe3bb60000 - 0x00007ffe3bbb9000 	C:\Windows\SYSTEM32\sechost.dll
0x00007ffe39ff0000 - 0x00007ffe3a201000 	C:\Windows\SYSTEM32\combase.dll
0x00007ffe39c90000 - 0x00007ffe39ddf000 	C:\Windows\system32\GDI32.dll
0x00007ffe39240000 - 0x00007ffe39255000 	C:\Windows\SYSTEM32\profapi.dll
0x00007ffe37610000 - 0x00007ffe376c2000 	C:\Windows\SYSTEM32\SHCORE.dll
0x00007ffe3bf20000 - 0x00007ffe3bf56000 	C:\Windows\system32\IMM32.DLL
0x00007ffe3bc90000 - 0x00007ffe3bde2000 	C:\Windows\system32\MSCTF.dll
0x00007ffe36bd0000 - 0x00007ffe36e4b000 	C:\Windows\WinSxS\amd64_microsoft.windows.common-controls_6595b64144ccf1df_6.0.9600.18006_none_623f33d3ecbe86e8\COMCTL32.dll
0x00000000704c0000 - 0x0000000070592000 	C:\Program Files\Java\jdk1.8.0_101\jre\bin\msvcr100.dll
0x0000000070a30000 - 0x00000000712ca000 	C:\Program Files\Java\jdk1.8.0_101\jre\bin\server\jvm.dll
0x00007ffe34c20000 - 0x00007ffe34c29000 	C:\Windows\SYSTEM32\WSOCK32.dll
0x00007ffe229d0000 - 0x00007ffe229f2000 	C:\Windows\SYSTEM32\WINMM.dll
0x00007ffe30c10000 - 0x00007ffe30c1a000 	C:\Windows\SYSTEM32\VERSION.dll
0x00007ffe3bf10000 - 0x00007ffe3bf17000 	C:\Windows\system32\PSAPI.DLL
0x00007ffe3a2d0000 - 0x00007ffe3a32a000 	C:\Windows\system32\WS2_32.dll
0x00007ffe229a0000 - 0x00007ffe229ca000 	C:\Windows\SYSTEM32\WINMMBASE.dll
0x00007ffe3be50000 - 0x00007ffe3be59000 	C:\Windows\system32\NSI.dll
0x00007ffe395d0000 - 0x00007ffe3961f000 	C:\Windows\SYSTEM32\cfgmgr32.dll
0x00007ffe37ee0000 - 0x00007ffe37f08000 	C:\Windows\SYSTEM32\DEVOBJ.dll
0x0000000070940000 - 0x000000007094f000 	C:\Program Files\Java\jdk1.8.0_101\jre\bin\verify.dll
0x0000000070910000 - 0x0000000070939000 	C:\Program Files\Java\jdk1.8.0_101\jre\bin\java.dll
0x00000000708f0000 - 0x0000000070906000 	C:\Program Files\Java\jdk1.8.0_101\jre\bin\zip.dll

VM Arguments:
jvm_args: -Djava.awt.headless=true -Xmx1024M -Dfile.encoding=windows-1251 -Duser.country=US -Duser.language=en -Duser.variant 
java_command: com.android.dx.command.Main --dex --num-threads=4 --output D:\project\MoviesApp\MoviesApp\app\build\intermediates\pre-dexed\debug\internal_impl-24.0.0_f3a0f02d6794861978eea499658fe568dc66cc22.jar D:\project\MoviesApp\MoviesApp\app\build\intermediates\exploded-aar\com.android.support\support-v4\24.0.0\jars\libs\internal_impl-24.0.0.jar
java_class_path (initial): C:\Users\irabokalo\AppData\Local\Android\sdk\build-tools\24.0.0\lib\dx.jar
Launcher Type: SUN_STANDARD

Environment Variables:
PATH=C:\ProgramData\Oracle\Java\javapath;C:\Windows\system32;C:\Windows;C:\Windows\System32\Wbem;C:\Windows\System32\WindowsPowerShell\v1.0\;C:\Program Files\7-Zip;C:\Program Files (x86)\Skype\Phone\;C:\Program Files\Git\cmd
USERNAME=irabokalo
OS=Windows_NT
PROCESSOR_IDENTIFIER=Intel64 Family 6 Model 58 Stepping 9, GenuineIntel



---------------  S Y S T E M  ---------------

OS: Windows 8.1 , 64 bit Build 9600 (6.3.9600.17415)

CPU:total 4 (2 cores per cpu, 2 threads per core) family 6 model 58 stepping 9, cmov, cx8, fxsr, mmx, sse, sse2, sse3, ssse3, sse4.1, sse4.2, popcnt, avx, clmul, erms, ht, tsc, tscinvbit, tscinv

Memory: 4k page, physical 3946720k(545072k free), swap 4151520k(5104k free)

vm_info: Java HotSpot(TM) 64-Bit Server VM (25.101-b13) for windows-amd64 JRE (1.8.0_101-b13), built on Jun 22 2016 01:21:29 by "java_re" with MS VC++ 10.0 (VS2010)

time: Fri Jul 29 13:48:25 2016
elapsed time: 1 seconds (0d 0h 0m 1s)

