#
# There is insufficient memory for the Java Runtime Environment to continue.
# Native memory allocation (malloc) failed to allocate 1048576 bytes for AllocateHeap
# Possible reasons:
#   The system is out of physical RAM or swap space
#   In 32 bit mode, the process size limit was hit
# Possible solutions:
#   Reduce memory load on the system
#   Increase physical memory or swap space
#   Check if swap backing store is full
#   Use 64 bit Java on a 64 bit OS
#   Decrease Java heap size (-Xmx/-Xms)
#   Decrease number of Java threads
#   Decrease Java thread stack sizes (-Xss)
#   Set larger code cache with -XX:ReservedCodeCacheSize=
# This output file may be truncated or incomplete.
#
#  Out of Memory Error (memory/allocation.inline.hpp:61), pid=2160, tid=0x00000000000017dc
#
# JRE version:  (8.0_101-b13) (build )
# Java VM: Java HotSpot(TM) 64-Bit Server VM (25.101-b13 mixed mode windows-amd64 compressed oops)
# Failed to write core dump. Minidumps are not enabled by default on client versions of Windows
#

---------------  T H R E A D  ---------------

Current thread (0x00000000020e0800):  JavaThread "Unknown thread" [_thread_in_vm, id=6108, stack(0x0000000001fb0000,0x00000000020b0000)]

Stack: [0x0000000001fb0000,0x00000000020b0000]
[error occurred during error reporting (printing stack bounds), id 0xc0000005]

Native frames: (J=compiled Java code, j=interpreted, Vv=VM code, C=native code)


---------------  P R O C E S S  ---------------

Java Threads: ( => current thread )

Other Threads:

=>0x00000000020e0800 (exited) JavaThread "Unknown thread" [_thread_in_vm, id=6108, stack(0x0000000001fb0000,0x00000000020b0000)]

VM state:not at safepoint (normal execution)

VM Mutex/Monitor currently owned by a thread: None

Heap:
 PSYoungGen      total 18432K, used 317K [0x00000000eab00000, 0x00000000ebf80000, 0x0000000100000000)
  eden space 15872K, 2% used [0x00000000eab00000,0x00000000eab4f5d0,0x00000000eba80000)
  from space 2560K, 0% used [0x00000000ebd00000,0x00000000ebd00000,0x00000000ebf80000)
  to   space 2560K, 0% used [0x00000000eba80000,0x00000000eba80000,0x00000000ebd00000)
 ParOldGen       total 42496K, used 0K [0x00000000c0000000, 0x00000000c2980000, 0x00000000eab00000)
  object space 42496K, 0% used [0x00000000c0000000,0x00000000c0000000,0x00000000c2980000)
 Metaspace       used 769K, capacity 4480K, committed 4480K, reserved 1056768K
  class space    used 75K, capacity 384K, committed 384K, reserved 1048576K

Card table byte_map: [0x00000000115a0000,0x00000000117b0000] byte_map_base: 0x0000000010fa0000

Marking Bits: (ParMarkBitMap*) 0x000000006535a6d0
 Begin Bits: [0x0000000011d10000, 0x0000000012d10000)
 End Bits:   [0x0000000012d10000, 0x0000000013d10000)

Polling page: 0x00000000007a0000

CodeCache: size=245760Kb used=328Kb max_used=328Kb free=245431Kb
 bounds [0x00000000021e0000, 0x0000000002450000, 0x00000000111e0000]
 total_blobs=58 nmethods=0 adapters=38
 compilation: enabled

Compilation events (0 events):
No events

GC Heap History (0 events):
No events

Deoptimization events (0 events):
No events

Internal exceptions (0 events):
No events

Events (10 events):
Event: 0.104 loading class java/lang/Short
Event: 0.104 loading class java/lang/Short done
Event: 0.104 loading class java/lang/Integer
Event: 0.104 loading class java/lang/Integer done
Event: 0.104 loading class java/lang/Long
Event: 0.104 loading class java/lang/Long done
Event: 0.105 loading class java/lang/NullPointerException
Event: 0.105 loading class java/lang/NullPointerException done
Event: 0.105 loading class java/lang/ArithmeticException
Event: 0.105 loading class java/lang/ArithmeticException done


Dynamic libraries:
0x00007ff79ec50000 - 0x00007ff79ec87000 	C:\Program Files\Java\jdk1.8.0_101\bin\java.exe
0x00007ffa7e550000 - 0x00007ffa7e6fd000 	C:\Windows\SYSTEM32\ntdll.dll
0x00007ffa7c7e0000 - 0x00007ffa7c91e000 	C:\Windows\system32\KERNEL32.DLL
0x00007ffa7b850000 - 0x00007ffa7b965000 	C:\Windows\system32\KERNELBASE.dll
0x00007ffa7a0a0000 - 0x00007ffa7a12e000 	C:\Windows\system32\apphelp.dll
0x00007ffa6edf0000 - 0x00007ffa6ee43000 	C:\Windows\AppPatch\AppPatch64\AcGenral.DLL
0x00007ffa7e0b0000 - 0x00007ffa7e15a000 	C:\Windows\system32\msvcrt.dll
0x00007ffa7b9d0000 - 0x00007ffa7b9fe000 	C:\Windows\system32\SspiCli.dll
0x00007ffa7bca0000 - 0x00007ffa7bcf4000 	C:\Windows\system32\SHLWAPI.dll
0x00007ffa7c930000 - 0x00007ffa7caa7000 	C:\Windows\system32\USER32.dll
0x00007ffa7c640000 - 0x00007ffa7c7d4000 	C:\Windows\system32\ole32.dll
0x00007ffa7cab0000 - 0x00007ffa7dfda000 	C:\Windows\system32\SHELL32.dll
0x00007ffa7ace0000 - 0x00007ffa7ad01000 	C:\Windows\SYSTEM32\USERENV.dll
0x00007ffa7c1d0000 - 0x00007ffa7c27a000 	C:\Windows\system32\ADVAPI32.dll
0x00007ffa662b0000 - 0x00007ffa662ce000 	C:\Windows\SYSTEM32\MPR.dll
0x00007ffa7be50000 - 0x00007ffa7bf90000 	C:\Windows\system32\RPCRT4.dll
0x00007ffa7c170000 - 0x00007ffa7c1c9000 	C:\Windows\SYSTEM32\sechost.dll
0x00007ffa7c3b0000 - 0x00007ffa7c5c1000 	C:\Windows\SYSTEM32\combase.dll
0x00007ffa7bd00000 - 0x00007ffa7be4f000 	C:\Windows\system32\GDI32.dll
0x00007ffa7b680000 - 0x00007ffa7b695000 	C:\Windows\SYSTEM32\profapi.dll
0x00007ffa79ce0000 - 0x00007ffa79d92000 	C:\Windows\SYSTEM32\SHCORE.dll
0x00007ffa7dfe0000 - 0x00007ffa7e016000 	C:\Windows\system32\IMM32.DLL
0x00007ffa7e3f0000 - 0x00007ffa7e542000 	C:\Windows\system32\MSCTF.dll
0x00007ffa79350000 - 0x00007ffa795cb000 	C:\Windows\WinSxS\amd64_microsoft.windows.common-controls_6595b64144ccf1df_6.0.9600.18006_none_623f33d3ecbe86e8\COMCTL32.dll
0x00000000645d0000 - 0x00000000646a2000 	C:\Program Files\Java\jdk1.8.0_101\jre\bin\msvcr100.dll
0x0000000064b40000 - 0x00000000653da000 	C:\Program Files\Java\jdk1.8.0_101\jre\bin\server\jvm.dll
0x00007ffa79850000 - 0x00007ffa79859000 	C:\Windows\SYSTEM32\WSOCK32.dll
0x00007ffa77710000 - 0x00007ffa77732000 	C:\Windows\SYSTEM32\WINMM.dll
0x00007ffa73190000 - 0x00007ffa7319a000 	C:\Windows\SYSTEM32\VERSION.dll
0x00007ffa7e3e0000 - 0x00007ffa7e3e7000 	C:\Windows\system32\PSAPI.DLL
0x00007ffa7c350000 - 0x00007ffa7c3aa000 	C:\Windows\system32\WS2_32.dll
0x00007ffa775f0000 - 0x00007ffa7761a000 	C:\Windows\SYSTEM32\WINMMBASE.dll
0x00007ffa7c920000 - 0x00007ffa7c929000 	C:\Windows\system32\NSI.dll
0x00007ffa7b800000 - 0x00007ffa7b84f000 	C:\Windows\SYSTEM32\cfgmgr32.dll
0x00007ffa7a300000 - 0x00007ffa7a328000 	C:\Windows\SYSTEM32\DEVOBJ.dll
0x0000000064a50000 - 0x0000000064a5f000 	C:\Program Files\Java\jdk1.8.0_101\jre\bin\verify.dll
0x0000000064a20000 - 0x0000000064a49000 	C:\Program Files\Java\jdk1.8.0_101\jre\bin\java.dll
0x0000000064a00000 - 0x0000000064a16000 	C:\Program Files\Java\jdk1.8.0_101\jre\bin\zip.dll

VM Arguments:
jvm_args: -Djava.awt.headless=true -Xmx1024M -Dfile.encoding=windows-1251 -Duser.country=US -Duser.language=en -Duser.variant 
java_command: com.android.dx.command.Main --dex --force-jumbo --num-threads=4 --multi-dex --output D:\project\MoviesApp\MoviesApp\app\build\intermediates\transforms\dex\debug\folders\1000\5\slice_8 D:\project\MoviesApp\MoviesApp\app\build\intermediates\transforms\instantRunSlicer\debug\folders\1\5\slice_8
java_class_path (initial): C:\Users\irabokalo\AppData\Local\Android\sdk\build-tools\24.0.0\lib\dx.jar
Launcher Type: SUN_STANDARD

Environment Variables:
PATH=C:\ProgramData\Oracle\Java\javapath;C:\Windows\system32;C:\Windows;C:\Windows\System32\Wbem;C:\Windows\System32\WindowsPowerShell\v1.0\;C:\Program Files\7-Zip;C:\Program Files (x86)\Skype\Phone\;C:\Program Files\Git\cmd
USERNAME=irabokalo
OS=Windows_NT
PROCESSOR_IDENTIFIER=Intel64 Family 6 Model 58 Stepping 9, GenuineIntel



---------------  S Y S T E M  ---------------

OS: Windows 8.1 , 64 bit Build 9600 (6.3.9600.17415)

CPU:total 4 (2 cores per cpu, 2 threads per core) family 6 model 58 stepping 9, cmov, cx8, fxsr, mmx, sse, sse2, sse3, ssse3, sse4.1, sse4.2, popcnt, avx, clmul, erms, ht, tsc, tscinvbit, tscinv

Memory: 4k page, physical 3946720k(646852k free), swap 4151520k(8220k free)

vm_info: Java HotSpot(TM) 64-Bit Server VM (25.101-b13) for windows-amd64 JRE (1.8.0_101-b13), built on Jun 22 2016 01:21:29 by "java_re" with MS VC++ 10.0 (VS2010)

time: Mon Jul 25 16:53:23 2016
elapsed time: 0 seconds (0d 0h 0m 0s)

