#
# There is insufficient memory for the Java Runtime Environment to continue.
# Native memory allocation (malloc) failed to allocate 480104 bytes for AllocateHeap
# Possible reasons:
#   The system is out of physical RAM or swap space
#   In 32 bit mode, the process size limit was hit
# Possible solutions:
#   Reduce memory load on the system
#   Increase physical memory or swap space
#   Check if swap backing store is full
#   Use 64 bit Java on a 64 bit OS
#   Decrease Java heap size (-Xmx/-Xms)
#   Decrease number of Java threads
#   Decrease Java thread stack sizes (-Xss)
#   Set larger code cache with -XX:ReservedCodeCacheSize=
# This output file may be truncated or incomplete.
#
#  Out of Memory Error (memory/allocation.inline.hpp:61), pid=4128, tid=0x0000000000000bb0
#
# JRE version:  (8.0_101-b13) (build )
# Java VM: Java HotSpot(TM) 64-Bit Server VM (25.101-b13 mixed mode windows-amd64 compressed oops)
# Failed to write core dump. Minidumps are not enabled by default on client versions of Windows
#

---------------  T H R E A D  ---------------

Current thread (0x0000000002bd0800):  JavaThread "Unknown thread" [_thread_in_vm, id=2992, stack(0x00000000029d0000,0x0000000002ad0000)]

Stack: [0x00000000029d0000,0x0000000002ad0000]
[error occurred during error reporting (printing stack bounds), id 0xc0000005]

Native frames: (J=compiled Java code, j=interpreted, Vv=VM code, C=native code)


---------------  P R O C E S S  ---------------

Java Threads: ( => current thread )

Other Threads:

=>0x0000000002bd0800 (exited) JavaThread "Unknown thread" [_thread_in_vm, id=2992, stack(0x00000000029d0000,0x0000000002ad0000)]

VM state:not at safepoint (not fully initialized)

VM Mutex/Monitor currently owned by a thread: None

GC Heap History (0 events):
No events

Deoptimization events (0 events):
No events

Internal exceptions (0 events):
No events

Events (0 events):
No events


Dynamic libraries:
0x00007ff734640000 - 0x00007ff734677000 	C:\Program Files\Java\jdk1.8.0_101\bin\java.exe
0x00007ffe3c110000 - 0x00007ffe3c2bd000 	C:\Windows\SYSTEM32\ntdll.dll
0x00007ffe399b0000 - 0x00007ffe39aee000 	C:\Windows\system32\KERNEL32.DLL
0x00007ffe39680000 - 0x00007ffe39795000 	C:\Windows\system32\KERNELBASE.dll
0x00007ffe37c60000 - 0x00007ffe37cee000 	C:\Windows\system32\apphelp.dll
0x00007ffe222b0000 - 0x00007ffe22303000 	C:\Windows\AppPatch\AppPatch64\AcGenral.DLL
0x00007ffe3be60000 - 0x00007ffe3bf0a000 	C:\Windows\system32\msvcrt.dll
0x00007ffe393c0000 - 0x00007ffe393ee000 	C:\Windows\system32\SspiCli.dll
0x00007ffe3bdf0000 - 0x00007ffe3be44000 	C:\Windows\system32\SHLWAPI.dll
0x00007ffe3a3e0000 - 0x00007ffe3a557000 	C:\Windows\system32\USER32.dll
0x00007ffe39af0000 - 0x00007ffe39c84000 	C:\Windows\system32\ole32.dll
0x00007ffe3a570000 - 0x00007ffe3ba9a000 	C:\Windows\system32\SHELL32.dll
0x00007ffe38a90000 - 0x00007ffe38ab1000 	C:\Windows\SYSTEM32\USERENV.dll
0x00007ffe3a330000 - 0x00007ffe3a3da000 	C:\Windows\system32\ADVAPI32.dll
0x00007ffe27920000 - 0x00007ffe2793e000 	C:\Windows\SYSTEM32\MPR.dll
0x00007ffe3bf60000 - 0x00007ffe3c0a0000 	C:\Windows\system32\RPCRT4.dll
0x00007ffe3bb60000 - 0x00007ffe3bbb9000 	C:\Windows\SYSTEM32\sechost.dll
0x00007ffe39ff0000 - 0x00007ffe3a201000 	C:\Windows\SYSTEM32\combase.dll
0x00007ffe39c90000 - 0x00007ffe39ddf000 	C:\Windows\system32\GDI32.dll
0x00007ffe39240000 - 0x00007ffe39255000 	C:\Windows\SYSTEM32\profapi.dll
0x00007ffe37610000 - 0x00007ffe376c2000 	C:\Windows\SYSTEM32\SHCORE.dll
0x00007ffe3bf20000 - 0x00007ffe3bf56000 	C:\Windows\system32\IMM32.DLL
0x00007ffe3bc90000 - 0x00007ffe3bde2000 	C:\Windows\system32\MSCTF.dll
0x00007ffe36bd0000 - 0x00007ffe36e4b000 	C:\Windows\WinSxS\amd64_microsoft.windows.common-controls_6595b64144ccf1df_6.0.9600.18006_none_623f33d3ecbe86e8\COMCTL32.dll
0x00000000704c0000 - 0x0000000070592000 	C:\Program Files\Java\jdk1.8.0_101\jre\bin\msvcr100.dll
0x0000000070a30000 - 0x00000000712ca000 	C:\Program Files\Java\jdk1.8.0_101\jre\bin\server\jvm.dll
0x00007ffe32be0000 - 0x00007ffe32be9000 	C:\Windows\SYSTEM32\WSOCK32.dll
0x00007ffe229d0000 - 0x00007ffe229f2000 	C:\Windows\SYSTEM32\WINMM.dll
0x00007ffe30c10000 - 0x00007ffe30c1a000 	C:\Windows\SYSTEM32\VERSION.dll
0x00007ffe3bf10000 - 0x00007ffe3bf17000 	C:\Windows\system32\PSAPI.DLL
0x00007ffe3a2d0000 - 0x00007ffe3a32a000 	C:\Windows\system32\WS2_32.dll
0x00007ffe229a0000 - 0x00007ffe229ca000 	C:\Windows\SYSTEM32\WINMMBASE.dll
0x00007ffe3be50000 - 0x00007ffe3be59000 	C:\Windows\system32\NSI.dll
0x00007ffe395d0000 - 0x00007ffe3961f000 	C:\Windows\SYSTEM32\cfgmgr32.dll
0x00007ffe37ee0000 - 0x00007ffe37f08000 	C:\Windows\SYSTEM32\DEVOBJ.dll
0x0000000070940000 - 0x000000007094f000 	C:\Program Files\Java\jdk1.8.0_101\jre\bin\verify.dll
0x0000000070910000 - 0x0000000070939000 	C:\Program Files\Java\jdk1.8.0_101\jre\bin\java.dll
0x00000000708f0000 - 0x0000000070906000 	C:\Program Files\Java\jdk1.8.0_101\jre\bin\zip.dll

VM Arguments:
jvm_args: -Djava.awt.headless=true -Xmx1024M -Dfile.encoding=windows-1251 -Duser.country=US -Duser.language=en -Duser.variant 
java_command: com.android.dx.command.Main --dex --force-jumbo --num-threads=4 --output D:\project\MoviesApp\MoviesApp\app\build\intermediates\pre-dexed\debug\okhttp-3.3.0_8d54f76dd4be6bfeda68621b9b2946a9fe018532.jar C:\Users\irabokalo\.gradle\caches\modules-2\files-2.1\com.squareup.okhttp3\okhttp\3.3.0\2b802460eea20f8f2ad9c08c74e0f14718e88aa9\okhttp-3.3.0.jar
java_class_path (initial): C:\Users\irabokalo\AppData\Local\Android\sdk\build-tools\24.0.0\lib\dx.jar
Launcher Type: SUN_STANDARD

Environment Variables:
PATH=C:\ProgramData\Oracle\Java\javapath;C:\Windows\system32;C:\Windows;C:\Windows\System32\Wbem;C:\Windows\System32\WindowsPowerShell\v1.0\;C:\Program Files\7-Zip;C:\Program Files (x86)\Skype\Phone\;C:\Program Files\Git\cmd
USERNAME=irabokalo
OS=Windows_NT
PROCESSOR_IDENTIFIER=Intel64 Family 6 Model 58 Stepping 9, GenuineIntel



---------------  S Y S T E M  ---------------

OS: Windows 8.1 , 64 bit Build 9600 (6.3.9600.17415)

CPU:total 4 (2 cores per cpu, 2 threads per core) family 6 model 58 stepping 9, cmov, cx8, fxsr, mmx, sse, sse2, sse3, ssse3, sse4.1, sse4.2, popcnt, avx, clmul, erms, ht, tsc, tscinvbit, tscinv

Memory: 4k page, physical 3946720k(516388k free), swap 4151520k(110428k free)

vm_info: Java HotSpot(TM) 64-Bit Server VM (25.101-b13) for windows-amd64 JRE (1.8.0_101-b13), built on Jun 22 2016 01:21:29 by "java_re" with MS VC++ 10.0 (VS2010)

time: Fri Jul 29 12:18:12 2016
elapsed time: 0 seconds (0d 0h 0m 0s)

